This is pdfTeX, Version 3.14159265-2.6-1.40.21 (MiKTeX 20.7) (preloaded format=pdflatex 2020.8.31)  25 SEP 2020 04:00
entering extended mode
**./bvitali_draft.tex
(bvitali_draft.tex
LaTeX2e <2020-02-02> patch level 5
L3 programming layer <2020-08-07>
("C:\Program Files\MiKTeX\tex/latex/base\book.cls"
Document Class: book 2019/12/20 v1.4l Standard LaTeX document class
("C:\Program Files\MiKTeX\tex/latex/base\bk12.clo"
File: bk12.clo 2019/12/20 v1.4l Standard LaTeX file (size option)
)
\c@part=\count168
\c@chapter=\count169
\c@section=\count170
\c@subsection=\count171
\c@subsubsection=\count172
\c@paragraph=\count173
\c@subparagraph=\count174
\c@figure=\count175
\c@table=\count176
\abovecaptionskip=\skip47
\belowcaptionskip=\skip48
\bibindent=\dimen134
)
("C:\Program Files\MiKTeX\tex/latex/hyperref\hyperref.sty"
Package: hyperref 2020-05-15 v7.00e Hypertext links for LaTeX

("C:\Program Files\MiKTeX\tex/generic/ltxcmds\ltxcmds.sty"
Package: ltxcmds 2019/12/15 v1.24 LaTeX kernel commands for general use (HO)
)
("C:\Program Files\MiKTeX\tex/generic/iftex\iftex.sty"
Package: iftex 2020/03/06 v1.0d TeX engine tests
)
("C:\Program Files\MiKTeX\tex/generic/pdftexcmds\pdftexcmds.sty"
Package: pdftexcmds 2020-06-27 v0.33 Utility functions of pdfTeX for LuaTeX (HO
)

("C:\Program Files\MiKTeX\tex/generic/infwarerr\infwarerr.sty"
Package: infwarerr 2019/12/03 v1.5 Providing info/warning/error messages (HO)
)
Package pdftexcmds Info: \pdf@primitive is available.
Package pdftexcmds Info: \pdf@ifprimitive is available.
Package pdftexcmds Info: \pdfdraftmode found.
)
("C:\Program Files\MiKTeX\tex/latex/graphics\keyval.sty"
Package: keyval 2014/10/28 v1.15 key=value parser (DPC)
\KV@toks@=\toks15
)
("C:\Program Files\MiKTeX\tex/generic/kvsetkeys\kvsetkeys.sty"
Package: kvsetkeys 2019/12/15 v1.18 Key value parser (HO)
)
("C:\Program Files\MiKTeX\tex/generic/kvdefinekeys\kvdefinekeys.sty"
Package: kvdefinekeys 2019-12-19 v1.6 Define keys (HO)
)
("C:\Program Files\MiKTeX\tex/generic/pdfescape\pdfescape.sty"
Package: pdfescape 2019/12/09 v1.15 Implements pdfTeX's escape features (HO)
)
("C:\Program Files\MiKTeX\tex/latex/hycolor\hycolor.sty"
Package: hycolor 2020-01-27 v1.10 Color options for hyperref/bookmark (HO)
)
("C:\Program Files\MiKTeX\tex/latex/letltxmacro\letltxmacro.sty"
Package: letltxmacro 2019/12/03 v1.6 Let assignment for LaTeX macros (HO)
)
("C:\Program Files\MiKTeX\tex/latex/auxhook\auxhook.sty"
Package: auxhook 2019-12-17 v1.6 Hooks for auxiliary files (HO)
)
("C:\Program Files\MiKTeX\tex/latex/kvoptions\kvoptions.sty"
Package: kvoptions 2019/11/29 v3.13 Key value format for package options (HO)
)
\@linkdim=\dimen135
\Hy@linkcounter=\count177
\Hy@pagecounter=\count178

("C:\Program Files\MiKTeX\tex/latex/hyperref\pd1enc.def"
File: pd1enc.def 2020-05-15 v7.00e Hyperref: PDFDocEncoding definition (HO)
Now handling font encoding PD1 ...
... no UTF-8 mapping file for font encoding PD1
)
("C:\Program Files\MiKTeX\tex/generic/intcalc\intcalc.sty"
Package: intcalc 2019/12/15 v1.3 Expandable calculations with integers (HO)
)
("C:\Program Files\MiKTeX\tex/generic/etexcmds\etexcmds.sty"
Package: etexcmds 2019/12/15 v1.7 Avoid name clashes with e-TeX commands (HO)
)
\Hy@SavedSpaceFactor=\count179
Package hyperref Info: Hyper figures OFF on input line 4464.
Package hyperref Info: Link nesting OFF on input line 4469.
Package hyperref Info: Hyper index ON on input line 4472.
Package hyperref Info: Plain pages OFF on input line 4479.
Package hyperref Info: Backreferencing OFF on input line 4484.
Package hyperref Info: Implicit mode ON; LaTeX internals redefined.
Package hyperref Info: Bookmarks ON on input line 4717.
\c@Hy@tempcnt=\count180

("C:\Program Files\MiKTeX\tex/latex/url\url.sty"
\Urlmuskip=\muskip16
Package: url 2013/09/16  ver 3.4  Verb mode for urls, etc.
)
LaTeX Info: Redefining \url on input line 5076.
\XeTeXLinkMargin=\dimen136

("C:\Program Files\MiKTeX\tex/generic/bitset\bitset.sty"
Package: bitset 2019/12/09 v1.3 Handle bit-vector datatype (HO)

("C:\Program Files\MiKTeX\tex/generic/bigintcalc\bigintcalc.sty"
Package: bigintcalc 2019/12/15 v1.5 Expandable calculations on big integers (HO
)
))
\Fld@menulength=\count181
\Field@Width=\dimen137
\Fld@charsize=\dimen138
Package hyperref Info: Hyper figures OFF on input line 6347.
Package hyperref Info: Link nesting OFF on input line 6352.
Package hyperref Info: Hyper index ON on input line 6355.
Package hyperref Info: backreferencing OFF on input line 6362.
Package hyperref Info: Link coloring OFF on input line 6367.
Package hyperref Info: Link coloring with OCG OFF on input line 6372.
Package hyperref Info: PDF/A mode OFF on input line 6377.
LaTeX Info: Redefining \ref on input line 6417.
LaTeX Info: Redefining \pageref on input line 6421.

("C:\Program Files\MiKTeX\tex/generic/atbegshi\atbegshi.sty"
Package: atbegshi 2019/12/05 v1.19 At begin shipout hook (HO)
)
\Hy@abspage=\count182
\c@Item=\count183
\c@Hfootnote=\count184
)
Package hyperref Info: Driver (autodetected): hpdftex.

("C:\Program Files\MiKTeX\tex/latex/hyperref\hpdftex.def"
File: hpdftex.def 2020-05-15 v7.00e Hyperref driver for pdfTeX

("C:\Program Files\MiKTeX\tex/latex/atveryend\atveryend.sty"
Package: atveryend 2019-12-11 v1.11 Hooks at the very end of document (HO)
Package atveryend Info: \enddocument detected (standard20110627).
)
\Fld@listcount=\count185
\c@bookmark@seq@number=\count186

("C:\Program Files\MiKTeX\tex/latex/rerunfilecheck\rerunfilecheck.sty"
Package: rerunfilecheck 2019/12/05 v1.9 Rerun checks for auxiliary files (HO)

("C:\Program Files\MiKTeX\tex/generic/uniquecounter\uniquecounter.sty"
Package: uniquecounter 2019/12/15 v1.4 Provide unlimited unique counter (HO)
)
Package uniquecounter Info: New unique counter `rerunfilecheck' on input line 2
86.
)
\Hy@SectionHShift=\skip49
)

Package hyperref Warning: Option `bookmarks' has already been used,
(hyperref)                setting the option has no effect on input line 15.

Package hyperref Info: Option `pdfnewwindow' set `true' on input line 15.
Package hyperref Info: Option `colorlinks' set `true' on input line 15.
("C:\Program Files\MiKTeX\tex/latex/base\inputenc.sty"
Package: inputenc 2018/08/11 v1.3c Input encoding file
\inpenc@prehook=\toks16
\inpenc@posthook=\toks17

("C:\Program Files\MiKTeX\tex/latex/base\latin1.def"
File: latin1.def 2018/08/11 v1.3c Input encoding file
))
("C:\Program Files\MiKTeX\tex/generic/babel\babel.sty"
Package: babel 2020/07/13 3.47 The Babel package

("C:\Program Files\MiKTeX\tex/generic/babel\babel.def"
File: babel.def 2020/07/13 3.47 Babel common definitions
\babel@savecnt=\count187
\U@D=\dimen139
\l@babelnohyphens=\language79

("C:\Program Files\MiKTeX\tex/generic/babel\txtbabel.def")
\bbl@readstream=\read2
)
\bbl@dirlevel=\count188

*************************************
* Local config file bblopts.cfg used
*
("C:\Program Files\MiKTeX\tex/latex/arabi\bblopts.cfg"
File: bblopts.cfg 2005/09/08 v0.1 add Arabic and Farsi to "declared" options of
 babel
)
("C:\Program Files\MiKTeX\tex/latex/babel-english\english.ldf"
Language: english 2017/06/06 v3.3r English support from the babel system
Package babel Info: \l@canadian = using hyphenrules for english
(babel)             (\language0) on input line 102.
Package babel Info: \l@australian = using hyphenrules for ukenglish
(babel)             (\language73) on input line 105.
Package babel Info: \l@newzealand = using hyphenrules for ukenglish
(babel)             (\language73) on input line 108.
))
("C:\Program Files\MiKTeX\tex/latex/geometry\geometry.sty"
Package: geometry 2020/01/02 v5.9 Page Geometry

("C:\Program Files\MiKTeX\tex/generic/iftex\ifvtex.sty"
Package: ifvtex 2019/10/25 v1.7 ifvtex legacy package. Use iftex instead.
)
\Gm@cnth=\count189
\Gm@cntv=\count190
\c@Gm@tempcnt=\count191
\Gm@bindingoffset=\dimen140
\Gm@wd@mp=\dimen141
\Gm@odd@mp=\dimen142
\Gm@even@mp=\dimen143
\Gm@layoutwidth=\dimen144
\Gm@layoutheight=\dimen145
\Gm@layouthoffset=\dimen146
\Gm@layoutvoffset=\dimen147
\Gm@dimlist=\toks18

("C:\Program Files\MiKTeX\tex/latex/geometry\geometry.cfg"))
("C:\Program Files\MiKTeX\tex/latex/amsmath\amsmath.sty"
Package: amsmath 2020/01/20 v2.17e AMS math features
\@mathmargin=\skip50

For additional information on amsmath, use the `?' option.
("C:\Program Files\MiKTeX\tex/latex/amsmath\amstext.sty"
Package: amstext 2000/06/29 v2.01 AMS text

("C:\Program Files\MiKTeX\tex/latex/amsmath\amsgen.sty"
File: amsgen.sty 1999/11/30 v2.0 generic functions
\@emptytoks=\toks19
\ex@=\dimen148
))
("C:\Program Files\MiKTeX\tex/latex/amsmath\amsbsy.sty"
Package: amsbsy 1999/11/29 v1.2d Bold Symbols
\pmbraise@=\dimen149
)
("C:\Program Files\MiKTeX\tex/latex/amsmath\amsopn.sty"
Package: amsopn 2016/03/08 v2.02 operator names
)
\inf@bad=\count192
LaTeX Info: Redefining \frac on input line 227.
\uproot@=\count193
\leftroot@=\count194
LaTeX Info: Redefining \overline on input line 389.
\classnum@=\count195
\DOTSCASE@=\count196
LaTeX Info: Redefining \ldots on input line 486.
LaTeX Info: Redefining \dots on input line 489.
LaTeX Info: Redefining \cdots on input line 610.
\Mathstrutbox@=\box45
\strutbox@=\box46
\big@size=\dimen150
LaTeX Font Info:    Redeclaring font encoding OML on input line 733.
LaTeX Font Info:    Redeclaring font encoding OMS on input line 734.
\macc@depth=\count197
\c@MaxMatrixCols=\count198
\dotsspace@=\muskip17
\c@parentequation=\count199
\dspbrk@lvl=\count266
\tag@help=\toks20
\row@=\count267
\column@=\count268
\maxfields@=\count269
\andhelp@=\toks21
\eqnshift@=\dimen151
\alignsep@=\dimen152
\tagshift@=\dimen153
\tagwidth@=\dimen154
\totwidth@=\dimen155
\lineht@=\dimen156
\@envbody=\toks22
\multlinegap=\skip51
\multlinetaggap=\skip52
\mathdisplay@stack=\toks23
LaTeX Info: Redefining \[ on input line 2859.
LaTeX Info: Redefining \] on input line 2860.
)
("C:\Program Files\MiKTeX\tex/latex/amsfonts\amsfonts.sty"
Package: amsfonts 2013/01/14 v3.01 Basic AMSFonts support
\symAMSa=\mathgroup4
\symAMSb=\mathgroup5
LaTeX Font Info:    Redeclaring math symbol \hbar on input line 98.
LaTeX Font Info:    Overwriting math alphabet `\mathfrak' in version `bold'
(Font)                  U/euf/m/n --> U/euf/b/n on input line 106.
)
("C:\Program Files\MiKTeX\tex/latex/amsfonts\amssymb.sty"
Package: amssymb 2013/01/14 v3.01 AMS font symbols
)
("C:\Program Files\MiKTeX\tex/latex/graphics\graphicx.sty"
Package: graphicx 2019/11/30 v1.2a Enhanced LaTeX Graphics (DPC,SPQR)

("C:\Program Files\MiKTeX\tex/latex/graphics\graphics.sty"
Package: graphics 2019/11/30 v1.4a Standard LaTeX Graphics (DPC,SPQR)

("C:\Program Files\MiKTeX\tex/latex/graphics\trig.sty"
Package: trig 2016/01/03 v1.10 sin cos tan (DPC)
)
("C:\Program Files\MiKTeX\tex/latex/graphics-cfg\graphics.cfg"
File: graphics.cfg 2016/06/04 v1.11 sample graphics configuration
)
Package graphics Info: Driver file: pdftex.def on input line 105.

("C:\Program Files\MiKTeX\tex/latex/graphics-def\pdftex.def"
File: pdftex.def 2018/01/08 v1.0l Graphics/color driver for pdftex
))
\Gin@req@height=\dimen157
\Gin@req@width=\dimen158
)
("C:\Program Files\MiKTeX\tex/latex/tools\verbatim.sty"
Package: verbatim 2019/11/10 v1.5r LaTeX2e package for verbatim enhancements
\every@verbatim=\toks24
\verbatim@line=\toks25
\verbatim@in@stream=\read3
)
("C:\Program Files\MiKTeX\tex/latex/base\textcomp.sty"
Package: textcomp 2020/02/02 v2.0n Standard LaTeX package
)
("C:\Program Files\MiKTeX\tex/latex/xcolor\xcolor.sty"
Package: xcolor 2016/05/11 v2.12 LaTeX color extensions (UK)

("C:\Program Files\MiKTeX\tex/latex/graphics-cfg\color.cfg"
File: color.cfg 2016/01/02 v1.6 sample color configuration
)
Package xcolor Info: Driver file: pdftex.def on input line 225.
Package xcolor Info: Model `cmy' substituted by `cmy0' on input line 1348.
Package xcolor Info: Model `hsb' substituted by `rgb' on input line 1352.
Package xcolor Info: Model `RGB' extended on input line 1364.
Package xcolor Info: Model `HTML' substituted by `rgb' on input line 1366.
Package xcolor Info: Model `Hsb' substituted by `hsb' on input line 1367.
Package xcolor Info: Model `tHsb' substituted by `hsb' on input line 1368.
Package xcolor Info: Model `HSB' substituted by `hsb' on input line 1369.
Package xcolor Info: Model `Gray' substituted by `gray' on input line 1370.
Package xcolor Info: Model `wave' substituted by `hsb' on input line 1371.
)
("C:\Program Files\MiKTeX\tex/latex/makecell\makecell.sty"
Package: makecell 2009/08/03 V0.1e Managing of Tab Column Heads and Cells

("C:\Program Files\MiKTeX\tex/latex/tools\array.sty"
Package: array 2019/08/31 v2.4l Tabular extension package (FMi)
\col@sep=\dimen159
\ar@mcellbox=\box47
\extrarowheight=\dimen160
\NC@list=\toks26
\extratabsurround=\skip53
\backup@length=\skip54
\ar@cellbox=\box48
)
\rotheadsize=\dimen161
\c@nlinenum=\count270
\TeXr@lab=\toks27
)
("C:\Program Files\MiKTeX\tex/latex/listings\listings.sty"
\lst@mode=\count271
\lst@gtempboxa=\box49
\lst@token=\toks28
\lst@length=\count272
\lst@currlwidth=\dimen162
\lst@column=\count273
\lst@pos=\count274
\lst@lostspace=\dimen163
\lst@width=\dimen164
\lst@newlines=\count275
\lst@lineno=\count276
\lst@maxwidth=\dimen165

("C:\Program Files\MiKTeX\tex/latex/listings\lstmisc.sty"
File: lstmisc.sty 2020/03/24 1.8d (Carsten Heinz)
\c@lstnumber=\count277
\lst@skipnumbers=\count278
\lst@framebox=\box50
)
("C:\Program Files\MiKTeX\tex/latex/listings\listings.cfg"
File: listings.cfg 2020/03/24 1.8d listings configuration
))
Package: listings 2020/03/24 1.8d (Carsten Heinz)

("C:\Program Files\MiKTeX\tex/latex/listings\lstlang1.sty"
File: lstlang1.sty 2020/03/24 1.8d listings language file
)
("C:\Program Files\MiKTeX\tex/latex/listings\lstlang1.sty"
File: lstlang1.sty 2020/03/24 1.8d listings language file
)
("C:\Program Files\MiKTeX\tex/latex/listings\lstmisc.sty"
File: lstmisc.sty 2020/03/24 1.8d (Carsten Heinz)
)
("C:\Program Files\MiKTeX\tex/latex/appendix\appendix.sty"
Package: appendix 2020/02/08 v1.2c extra appendix facilities
\c@@pps=\count279
\c@@ppsavesec=\count280
\c@@ppsaveapp=\count281
)
("C:\Program Files\MiKTeX\tex/latex/float\float.sty"
Package: float 2001/11/08 v1.3d Float enhancements (AL)
\c@float@type=\count282
\float@exts=\toks29
\float@box=\box51
\@float@everytoks=\toks30
\@floatcapt=\box52
)
("C:\Program Files\MiKTeX\tex/latex/tools\bm.sty"
Package: bm 2019/07/24 v1.2d Bold Symbol Support (DPC/FMi)
\symboldoperators=\mathgroup6
\symboldletters=\mathgroup7
\symboldsymbols=\mathgroup8
LaTeX Font Info:    Redeclaring math alphabet \mathbf on input line 141.
LaTeX Info: Redefining \bm on input line 209.
)
("C:\Program Files\MiKTeX\tex/latex/frontespizio\frontespizio.sty"
Package: frontespizio 2011/09/21 1.4a (Enrico Gregorio)

("C:\Program Files\MiKTeX\tex/latex/tools\afterpage.sty"
Package: afterpage 2014/10/28 v1.08 After-Page Package (DPC)
\AP@output=\toks31
\AP@partial=\box53
\AP@footins=\box54
)
("C:\Program Files\MiKTeX\tex/latex/environ\environ.sty"
Package: environ 2014/05/04 v0.3 A new way to define environments

("C:\Program Files\MiKTeX\tex/latex/trimspaces\trimspaces.sty"
Package: trimspaces 2009/09/17 v1.1 Trim spaces around a token list
))
("C:\Program Files\MiKTeX\tex/generic/iftex\ifpdf.sty"
Package: ifpdf 2019/10/25 v3.4 ifpdf legacy package. Use iftex instead.
)
("C:\Program Files\MiKTeX\tex/generic/iftex\ifxetex.sty"
Package: ifxetex 2019/10/25 v0.7 ifxetex legacy package. Use iftex instead.
)
\front@candtoks=\toks32
\front@candcount=\count283
\front@reltoks=\toks33
\front@relcount=\count284
\front@correltoks=\toks34
\front@correlcount=\count285
)
("C:\Program Files\MiKTeX\tex/latex/l3backend\l3backend-pdfmode.def"
File: l3backend-pdfmode.def 2020-08-07 L3 backend support: PDF mode
\l__kernel_color_stack_int=\count286
\l__pdf_internal_box=\box55
)
(bvitali_draft.aux

LaTeX Warning: Label `T_syst' multiply defined.

)
\openout1 = `bvitali_draft.aux'.

LaTeX Font Info:    Checking defaults for OML/cmm/m/it on input line 45.
LaTeX Font Info:    ... okay on input line 45.
LaTeX Font Info:    Checking defaults for OMS/cmsy/m/n on input line 45.
LaTeX Font Info:    ... okay on input line 45.
LaTeX Font Info:    Checking defaults for OT1/cmr/m/n on input line 45.
LaTeX Font Info:    ... okay on input line 45.
LaTeX Font Info:    Checking defaults for T1/cmr/m/n on input line 45.
LaTeX Font Info:    ... okay on input line 45.
LaTeX Font Info:    Checking defaults for TS1/cmr/m/n on input line 45.
LaTeX Font Info:    ... okay on input line 45.
LaTeX Font Info:    Checking defaults for OMX/cmex/m/n on input line 45.
LaTeX Font Info:    ... okay on input line 45.
LaTeX Font Info:    Checking defaults for U/cmr/m/n on input line 45.
LaTeX Font Info:    ... okay on input line 45.
LaTeX Font Info:    Checking defaults for PD1/pdf/m/n on input line 45.
LaTeX Font Info:    ... okay on input line 45.
\AtBeginShipoutBox=\box56
Package hyperref Info: Link coloring ON on input line 45.
 ("C:\Program Files\MiKTeX\tex/latex/hyperref\nameref.sty"
Package: nameref 2019/09/16 v2.46 Cross-referencing by name of section

("C:\Program Files\MiKTeX\tex/latex/refcount\refcount.sty"
Package: refcount 2019/12/15 v3.6 Data extraction from label references (HO)
)
("C:\Program Files\MiKTeX\tex/generic/gettitlestring\gettitlestring.sty"
Package: gettitlestring 2019/12/15 v1.6 Cleanup title references (HO)
)
\c@section@level=\count287
)
LaTeX Info: Redefining \ref on input line 45.
LaTeX Info: Redefining \pageref on input line 45.
LaTeX Info: Redefining \nameref on input line 45.

(bvitali_draft.out) (bvitali_draft.out)
\@outlinefile=\write3
\openout3 = `bvitali_draft.out'.


*geometry* driver: auto-detecting
*geometry* detected driver: pdftex
*geometry* verbose mode - [ preamble ] result:
* driver: pdftex
* paper: a4paper
* layout: <same size as paper>
* layoutoffset:(h,v)=(0.0pt,0.0pt)
* modes: 
* h-part:(L,W,R)=(85.35826pt, 441.01773pt, 71.13188pt)
* v-part:(T,H,B)=(71.13188pt, 702.78308pt, 71.13188pt)
* \paperwidth=597.50787pt
* \paperheight=845.04684pt
* \textwidth=441.01773pt
* \textheight=702.78308pt
* \oddsidemargin=13.08827pt
* \evensidemargin=13.08827pt
* \topmargin=-33.0119pt
* \headheight=12.0pt
* \headsep=19.8738pt
* \topskip=12.0pt
* \footskip=30.0pt
* \marginparwidth=38.0pt
* \marginparsep=7.0pt
* \columnsep=10.0pt
* \skip\footins=10.8pt plus 4.0pt minus 2.0pt
* \hoffset=0.0pt
* \voffset=0.0pt
* \mag=1000
* \@twocolumnfalse
* \@twosidefalse
* \@mparswitchfalse
* \@reversemarginfalse
* (1in=72.27pt=25.4mm, 1cm=28.453pt)

("C:\Program Files\MiKTeX\tex/context/base/mkii\supp-pdf.mkii"
[Loading MPS to PDF converter (version 2006.09.02).]
\scratchcounter=\count288
\scratchdimen=\dimen166
\scratchbox=\box57
\nofMPsegments=\count289
\nofMParguments=\count290
\everyMPshowfont=\toks35
\MPscratchCnt=\count291
\MPscratchDim=\dimen167
\MPnumerator=\count292
\makeMPintoPDFobject=\count293
\everyMPtoPDFconversion=\toks36
) ("C:\Program Files\MiKTeX\tex/latex/epstopdf-pkg\epstopdf-base.sty"
Package: epstopdf-base 2020-01-24 v2.11 Base part for package epstopdf
Package epstopdf-base Info: Redefining graphics rule for `.eps' on input line 4
85.
)
\c@lstlisting=\count294
<bvitali_draft-frn.pdf, id=259, 597.50829pt x 845.0471pt>
File: bvitali_draft-frn.pdf Graphic file (type pdf)
<use bvitali_draft-frn.pdf>
Package pdftex.def Info: bvitali_draft-frn.pdf  used on input line 48.
(pdftex.def)             Requested size: 597.50682pt x 845.04504pt.
 [1



 <./bvitali_draft-frn.pdf{C:/Users/ASUS/AppData/Local/MiKTeX/pdftex/config/pdft
ex.map}>]
LaTeX Font Info:    Trying to load font information for U+msa on input line 65.

 ("C:\Program Files\MiKTeX\tex/latex/amsfonts\umsa.fd"
File: umsa.fd 2013/01/14 v3.01 AMS symbols A
)
LaTeX Font Info:    Trying to load font information for U+msb on input line 65.


("C:\Program Files\MiKTeX\tex/latex/amsfonts\umsb.fd"
File: umsb.fd 2013/01/14 v3.01 AMS symbols B
)

LaTeX Warning: No \author given.

pdfTeX warning (ext4): destination with the same identifier (name{page.i}) has 
been already used, duplicate ignored
<to be read again> 
                   \relax 
l.65 \chapter
             *{Abstract} [1

]pdfTeX warning (ext4): destination with the same identifier (name{page.i}) has
 been already used, duplicate ignored
<to be read again> 
                   \relax 
l.73 \tableofcontents
                      [1

] (bvitali_draft.toc [2

])
\tf@toc=\write4
\openout4 = `bvitali_draft.toc'.

 [3] [1


] [2]
Chapter 1.
<figures/SM.png, id=405, 1027.84pt x 983.675pt>
File: figures/SM.png Graphic file (type png)
<use figures/SM.png>
Package pdftex.def Info: figures/SM.png  used on input line 122.
(pdftex.def)             Requested size: 264.61333pt x 253.24286pt.

LaTeX Warning: `!h' float specifier changed to `!ht'.

[3

]
<figures/feynman_mu-egamma.png, id=420, 292.59312pt x 200.24812pt>
File: figures/feynman_mu-egamma.png Graphic file (type png)
<use figures/feynman_mu-egamma.png>
Package pdftex.def Info: figures/feynman_mu-egamma.png  used on input line 158.

(pdftex.def)             Requested size: 204.81377pt x 140.17273pt.
<figures/feynman_mu2e.jpg, id=421, 275.0275pt x 205.76875pt>
File: figures/feynman_mu2e.jpg Graphic file (type jpg)
<use figures/feynman_mu2e.jpg>
Package pdftex.def Info: figures/feynman_mu2e.jpg  used on input line 159.
(pdftex.def)             Requested size: 192.51793pt x 144.03712pt.


LaTeX Warning: `!h' float specifier changed to `!ht'.

[4pdfTeX warning (ext4): destination with the same identifier (name{figure.1.1}
) has been already used, duplicate ignored

\AtBegShi@Output ...ipout \box \AtBeginShipoutBox 
                                                  \fi \fi 
l.183 
       <./figures/SM.png>] [5pdfTeX warning (ext4): destination with the same i
dentifier (name{figure.1.2}) has been already used, duplicate ignored

\AtBegShi@Output ...ipout \box \AtBeginShipoutBox 
                                                  \fi \fi 
l.213 $$
         <./figures/feynman_mu-egamma.png> <./figures/feynman_mu2e.jpg>]
<figures/deGouvea.png, id=438, 577.65813pt x 331.2375pt>
File: figures/deGouvea.png Graphic file (type png)
<use figures/deGouvea.png>
Package pdftex.def Info: figures/deGouvea.png  used on input line 250.
(pdftex.def)             Requested size: 462.12712pt x 264.99034pt.

Overfull \hbox (21.10939pt too wide) in paragraph at lines 250--256
[][]
 []


LaTeX Warning: `!h' float specifier changed to `!ht'.

[6]
Underfull \hbox (badness 10000) in paragraph at lines 294--297

 []

[7pdfTeX warning (ext4): destination with the same identifier (name{figure.1.3}
) has been already used, duplicate ignored

\AtBegShi@Output ...ipout \box \AtBeginShipoutBox 
                                                  \fi \fi 
l.297 
       <./figures/deGouvea.png>]
<figures/Michel.png, id=460, 746.28813pt x 240.9pt>
File: figures/Michel.png Graphic file (type png)
<use figures/Michel.png>
Package pdftex.def Info: figures/Michel.png  used on input line 300.
(pdftex.def)             Requested size: 373.14316pt x 120.44969pt.

Underfull \hbox (badness 10000) in paragraph at lines 332--348

 []

<figures/DIO_materials.png, id=465, 587.69562pt x 178.6675pt>
File: figures/DIO_materials.png Graphic file (type png)
<use figures/DIO_materials.png>
Package pdftex.def Info: figures/DIO_materials.png  used on input line 351.
(pdftex.def)             Requested size: 470.15714pt x 142.93417pt.

Overfull \hbox (29.1394pt too wide) in paragraph at lines 351--352
 [][] 
 []

[8pdfTeX warning (ext4): destination with the same identifier (name{table.1.1})
 has been already used, duplicate ignored

\AtBegShi@Output ...ipout \box \AtBeginShipoutBox 
                                                  \fi \fi 
l.354 \end{figure}
                  pdfTeX warning (ext4): destination with the same identifier (
name{figure.1.4}) has been already used, duplicate ignored

\AtBegShi@Output ...ipout \box \AtBeginShipoutBox 
                                                  \fi \fi 
l.354 \end{figure}
                   <./figures/Michel.png>] [9pdfTeX warning (ext4): destination
 with the same identifier (name{figure.1.5}) has been already used, duplicate i
gnored

\AtBegShi@Output ...ipout \box \AtBeginShipoutBox 
                                                  \fi \fi 
l.392 \end{align}
                  <./figures/DIO_materials.png>]
Underfull \hbox (badness 10000) in paragraph at lines 409--414

 []

<figures/timeline_measures.png, id=494, 451.6875pt x 379.91937pt>
File: figures/timeline_measures.png Graphic file (type png)
<use figures/timeline_measures.png>
Package pdftex.def Info: figures/timeline_measures.png  used on input line 431.

(pdftex.def)             Requested size: 316.17908pt x 265.94173pt.

LaTeX Warning: `!h' float specifier changed to `!ht'.

<figures/timeline_future.png, id=497, 785.93625pt x 250.43562pt>
File: figures/timeline_future.png Graphic file (type png)
<use figures/timeline_future.png>
Package pdftex.def Info: figures/timeline_future.png  used on input line 438.
(pdftex.def)             Requested size: 392.96716pt x 125.2175pt.

LaTeX Warning: `!h' float specifier changed to `!ht'.


LaTeX Warning: `!h' float specifier changed to `!ht'.


Overfull \hbox (17.71149pt too wide) in paragraph at lines 479--509
 [][] 
 []


LaTeX Warning: `!h' float specifier changed to `!ht'.

[10]

Package hyperref Warning: Token not allowed in a PDF string (PDFDocEncoding):
(hyperref)                removing `math shift' on input line 532.


Package hyperref Warning: Token not allowed in a PDF string (PDFDocEncoding):
(hyperref)                removing `\mu' on input line 532.


Package hyperref Warning: Token not allowed in a PDF string (PDFDocEncoding):
(hyperref)                removing `superscript' on input line 532.


Package hyperref Warning: Token not allowed in a PDF string (PDFDocEncoding):
(hyperref)                removing `\rightarrow' on input line 532.


Package hyperref Warning: Token not allowed in a PDF string (PDFDocEncoding):
(hyperref)                removing `superscript' on input line 532.


Package hyperref Warning: Token not allowed in a PDF string (PDFDocEncoding):
(hyperref)                removing `\gamma' on input line 532.


Package hyperref Warning: Token not allowed in a PDF string (PDFDocEncoding):
(hyperref)                removing `math shift' on input line 532.

[11pdfTeX warning (ext4): destination with the same identifier (name{figure.1.6
}) has been already used, duplicate ignored

\AtBegShi@Output ...ipout \box \AtBeginShipoutBox 
                                                  \fi \fi 
l.546 
      pdfTeX warning (ext4): destination with the same identifier (name{figure.
1.7}) has been already used, duplicate ignored

\AtBegShi@Output ...ipout \box \AtBeginShipoutBox 
                                                  \fi \fi 
l.546 
       <./figures/timeline_measures.png> <./figures/timeline_future.png>]
[12pdfTeX warning (ext4): destination with the same identifier (name{table.1.2}
) has been already used, duplicate ignored

\AtBegShi@Output ...ipout \box \AtBeginShipoutBox 
                                                  \fi \fi 
l.566 
      pdfTeX warning (ext4): destination with the same identifier (name{table.1
.3}) has been already used, duplicate ignored

\AtBegShi@Output ...ipout \box \AtBeginShipoutBox 
                                                  \fi \fi 
l.566 
      ]
<figures/MEG.png, id=592, 427.09563pt x 203.25937pt>
File: figures/MEG.png Graphic file (type png)
<use figures/MEG.png>
Package pdftex.def Info: figures/MEG.png  used on input line 569.
(pdftex.def)             Requested size: 427.09457pt x 203.25887pt.


LaTeX Warning: `!h' float specifier changed to `!ht'.

[13]
<figures/MEG_II.png, id=606, 462.72874pt x 353.82187pt>
File: figures/MEG_II.png Graphic file (type png)
<use figures/MEG_II.png>
Package pdftex.def Info: figures/MEG_II.png  used on input line 596.
(pdftex.def)             Requested size: 370.1835pt x 283.05788pt.


LaTeX Warning: `!h' float specifier changed to `!ht'.


Package hyperref Warning: Token not allowed in a PDF string (PDFDocEncoding):
(hyperref)                removing `math shift' on input line 601.


Package hyperref Warning: Token not allowed in a PDF string (PDFDocEncoding):
(hyperref)                removing `\mu' on input line 601.


Package hyperref Warning: Token not allowed in a PDF string (PDFDocEncoding):
(hyperref)                removing `superscript' on input line 601.


Package hyperref Warning: Token not allowed in a PDF string (PDFDocEncoding):
(hyperref)                removing `\rightarrow' on input line 601.


Package hyperref Warning: Token not allowed in a PDF string (PDFDocEncoding):
(hyperref)                removing `superscript' on input line 601.


Package hyperref Warning: Token not allowed in a PDF string (PDFDocEncoding):
(hyperref)                removing `superscript' on input line 601.


Package hyperref Warning: Token not allowed in a PDF string (PDFDocEncoding):
(hyperref)                removing `superscript' on input line 601.


Package hyperref Warning: Token not allowed in a PDF string (PDFDocEncoding):
(hyperref)                removing `math shift' on input line 601.

[14pdfTeX warning (ext4): destination with the same identifier (name{figure.1.8
}) has been already used, duplicate ignored

\AtBegShi@Output ...ipout \box \AtBeginShipoutBox 
                                                  \fi \fi 
l.623 
       <./figures/MEG.png>] [15pdfTeX warning (ext4): destination with the same
 identifier (name{figure.1.9}) has been already used, duplicate ignored

\AtBegShi@Output ...ipout \box \AtBeginShipoutBox 
                                                  \fi \fi 
l.644 \item P
             hase II: beam with an intensity at $\mathcal{O}(10^9)\ \mu^+/$s...
 <./figures/MEG_II.png>]
<figures/Mu3e_3D.png, id=629, 576.1525pt x 343.2825pt>
File: figures/Mu3e_3D.png Graphic file (type png)
<use figures/Mu3e_3D.png>
Package pdftex.def Info: figures/Mu3e_3D.png  used on input line 650.
(pdftex.def)             Requested size: 345.69415pt x 205.97107pt.
<figures/Mu3e.png, id=631, 809.0225pt x 409.02812pt>
File: figures/Mu3e.png Graphic file (type png)
<use figures/Mu3e.png>
Package pdftex.def Info: figures/Mu3e.png  used on input line 657.
(pdftex.def)             Requested size: 404.51027pt x 204.51355pt.

Overfull \hbox (2.43533pt too wide) in paragraph at lines 664--664
[]\OT1/cmr/bx/n/14.4 Search for the muon-to-electron con-ver-sion ($\OML/cmm/m/
it/14.4 []N \OMS/cmsy/m/n/14.4 ! \OML/cmm/m/it/14.4 e[]N$\OT1/cmr/bx/n/14.4 ) 

 []


Package hyperref Warning: Token not allowed in a PDF string (PDFDocEncoding):
(hyperref)                removing `math shift' on input line 664.


Package hyperref Warning: Token not allowed in a PDF string (PDFDocEncoding):
(hyperref)                removing `\mu' on input line 664.


Package hyperref Warning: Token not allowed in a PDF string (PDFDocEncoding):
(hyperref)                removing `superscript' on input line 664.


Package hyperref Warning: Token not allowed in a PDF string (PDFDocEncoding):
(hyperref)                removing `\rightarrow' on input line 664.


Package hyperref Warning: Token not allowed in a PDF string (PDFDocEncoding):
(hyperref)                removing `superscript' on input line 664.


Package hyperref Warning: Token not allowed in a PDF string (PDFDocEncoding):
(hyperref)                removing `math shift' on input line 664.

[16pdfTeX warning (ext4): destination with the same identifier (name{figure.1.1
0}) has been already used, duplicate ignored

\AtBegShi@Output ...ipout \box \AtBeginShipoutBox 
                                                  \fi \fi 
l.673 \noindent
               pdfTeX warning (ext4): destination with the same identifier (nam
e{figure.1.11}) has been already used, duplicate ignored

\AtBegShi@Output ...ipout \box \AtBeginShipoutBox 
                                                  \fi \fi 
l.673 \noindent
                <./figures/Mu3e_3D.png> <./figures/Mu3e.png>] [17]
<figures/SINDRUM_II.png, id=654, 566.115pt x 357.83687pt>
File: figures/SINDRUM_II.png Graphic file (type png)
<use figures/SINDRUM_II.png>
Package pdftex.def Info: figures/SINDRUM_II.png  used on input line 732.
(pdftex.def)             Requested size: 339.67162pt x 214.70377pt.
 [18pdfTeX warning (ext4): destination with the same identifier (name{figure.1.
12}) has been already used, duplicate ignored

\AtBegShi@Output ...ipout \box \AtBeginShipoutBox 
                                                  \fi \fi 
l.751 
       <./figures/SINDRUM_II.png>]
<figures/MuonBeamline.png, id=666, 440.14438pt x 170.13562pt>
File: figures/MuonBeamline.png Graphic file (type png)
<use figures/MuonBeamline.png>
Package pdftex.def Info: figures/MuonBeamline.png  used on input line 756.
(pdftex.def)             Requested size: 352.11597pt x 136.10867pt.

Underfull \hbox (badness 10000) in paragraph at lines 793--802

 []

[19pdfTeX warning (ext4): destination with the same identifier (name{figure.1.1
3}) has been already used, duplicate ignored

\AtBegShi@Output ...ipout \box \AtBeginShipoutBox 
                                                  \fi \fi 
l.802 
       <./figures/MuonBeamline.png>]
<figures/COMET.png, id=688, 414.04688pt x 278.54062pt>
File: figures/COMET.png Graphic file (type png)
<use figures/COMET.png>
Package pdftex.def Info: figures/COMET.png  used on input line 805.
(pdftex.def)             Requested size: 331.23795pt x 222.8328pt.
<figures/DeeMe.png, id=692, 545.03625pt x 272.51813pt>
File: figures/DeeMe.png Graphic file (type png)
<use figures/DeeMe.png>
Package pdftex.def Info: figures/DeeMe.png  used on input line 829.
(pdftex.def)             Requested size: 218.01064pt x 109.00531pt.
<figures/DeeMe_event.png, id=693, 513.92pt x 304.13625pt>
File: figures/DeeMe_event.png Graphic file (type png)
<use figures/DeeMe_event.png>
Package pdftex.def Info: figures/DeeMe_event.png  used on input line 830.
(pdftex.def)             Requested size: 205.56435pt x 121.65233pt.


LaTeX Warning: `!h' float specifier changed to `!ht'.

[20pdfTeX warning (ext4): destination with the same identifier (name{figure.1.1
4}) has been already used, duplicate ignored

\AtBegShi@Output ...ipout \box \AtBeginShipoutBox 
                                                  \fi \fi 
l.836 \chapter
              {The Mu2e experiment} <./figures/COMET.png>] [21pdfTeX warning (e
xt4): destination with the same identifier (name{figure.1.15}) has been already
 used, duplicate ignored

\AtBegShi@Output ...ipout \box \AtBeginShipoutBox 
                                                  \fi \fi 
l.836 \chapter
              {The Mu2e experiment} <./figures/DeeMe.png> <./figures/DeeMe_even
t.png>]
Chapter 2.
<figures/signal_bg.png, id=714, 610.28pt x 368.37625pt>
File: figures/signal_bg.png Graphic file (type png)
<use figures/signal_bg.png>
Package pdftex.def Info: figures/signal_bg.png  used on input line 875.
(pdftex.def)             Requested size: 366.17082pt x 221.02744pt.

LaTeX Warning: `!h' float specifier changed to `!ht'.

[22

] [23pdfTeX warning (ext4): destination with the same identifier (name{figure.2
.1}) has been already used, duplicate ignored

\AtBegShi@Output ...ipout \box \AtBeginShipoutBox 
                                                  \fi \fi 
l.941 \item A
              cosmic muon could knock out of the stopping target an electron...
 <./figures/signal_bg.png>]
Underfull \hbox (badness 10000) in paragraph at lines 950--959

 []

File: figures/DIO_materials.png Graphic file (type png)
<use figures/DIO_materials.png>
Package pdftex.def Info: figures/DIO_materials.png  used on input line 962.
(pdftex.def)             Requested size: 470.15714pt x 142.93417pt.

Overfull \hbox (29.1394pt too wide) in paragraph at lines 962--966
 [][] 
 []


LaTeX Warning: `!h' float specifier changed to `!ht'.

[24pdfTeX warning (ext4): destination with the same identifier (name{table.2.1}
) has been already used, duplicate ignored

\AtBegShi@Output ...ipout \box \AtBeginShipoutBox 
                                                  \fi \fi 
l.1005 
       ] [25pdfTeX warning (ext4): destination with the same identifier (name{f
igure.2.2}) has been already used, duplicate ignored

\AtBegShi@Output ...ipout \box \AtBeginShipoutBox 
                                                  \fi \fi 
l.1017 
       ]
<figures/mu2e_event.jpg, id=762, 554.57187pt x 210.7875pt>
File: figures/mu2e_event.jpg Graphic file (type jpg)
<use figures/mu2e_event.jpg>
Package pdftex.def Info: figures/mu2e_event.jpg  used on input line 1020.
(pdftex.def)             Requested size: 388.19766pt x 147.55025pt.
 [26pdfTeX warning (ext4): destination with the same identifier (name{figure.2.
3}) has been already used, duplicate ignored

\AtBegShi@Output ...ipout \box \AtBeginShipoutBox 
                                                  \fi \fi 
l.1043 \begin{itemize}
                       <./figures/mu2e_event.jpg>]
<figures/ProtonBeamlineArial_3D.png, id=773, 478.28688pt x 364.36125pt>
File: figures/ProtonBeamlineArial_3D.png Graphic file (type png)
<use figures/ProtonBeamlineArial_3D.png>
Package pdftex.def Info: figures/ProtonBeamlineArial_3D.png  used on input line
 1063.
(pdftex.def)             Requested size: 239.14285pt x 182.18018pt.
<figures/ProtonBeamlineArial_sketch.png, id=776, 460.21938pt x 216.81pt>
File: figures/ProtonBeamlineArial_sketch.png Graphic file (type png)
<use figures/ProtonBeamlineArial_sketch.png>
Package pdftex.def Info: figures/ProtonBeamlineArial_sketch.png  used on input 
line 1072.
(pdftex.def)             Requested size: 322.15137pt x 151.76596pt.


LaTeX Warning: `!h' float specifier changed to `!ht'.

<figures/beam_time_structure_2.png, id=781, 559.08875pt x 220.825pt>
File: figures/beam_time_structure_2.png Graphic file (type png)
<use figures/beam_time_structure_2.png>
Package pdftex.def Info: figures/beam_time_structure_2.png  used on input line 
1080.
(pdftex.def)             Requested size: 335.45583pt x 132.496pt.

LaTeX Warning: `!h' float specifier changed to `!ht'.

[27pdfTeX warning (ext4): destination with the same identifier (name{figure.2.4
}) has been already used, duplicate ignored

\AtBegShi@Output ...ipout \box \AtBeginShipoutBox 
                                                  \fi \fi 
l.1099 
        <./figures/ProtonBeamlineArial_3D.png>]
<figures/Extraction.png, id=795, 551.56062pt x 120.45pt>
File: figures/Extraction.png Graphic file (type png)
<use figures/Extraction.png>
Package pdftex.def Info: figures/Extraction.png  used on input line 1102.
(pdftex.def)             Requested size: 386.0898pt x 84.3144pt.

Underfull \hbox (badness 10000) in paragraph at lines 1107--1114

 []

[28pdfTeX warning (ext4): destination with the same identifier (name{figure.2.5
}) has been already used, duplicate ignored

\AtBegShi@Output ...ipout \box \AtBeginShipoutBox 
                                                  \fi \fi 
l.1114 
       pdfTeX warning (ext4): destination with the same identifier (name{figure
.2.6}) has been already used, duplicate ignored

\AtBegShi@Output ...ipout \box \AtBeginShipoutBox 
                                                  \fi \fi 
l.1114 
       pdfTeX warning (ext4): destination with the same identifier (name{figure
.2.7}) has been already used, duplicate ignored

\AtBegShi@Output ...ipout \box \AtBeginShipoutBox 
                                                  \fi \fi 
l.1114 
        <./figures/ProtonBeamlineArial_sketch.png> <./figures/beam_time_structu
re_2.png> <./figures/Extraction.png>]
<figures/AC_dipole.png, id=809, 889.3225pt x 362.35374pt>
File: figures/AC_dipole.png Graphic file (type png)
<use figures/AC_dipole.png>
Package pdftex.def Info: figures/AC_dipole.png  used on input line 1117.
(pdftex.def)             Requested size: 444.66016pt x 181.17642pt.

Overfull \hbox (3.64243pt too wide) in paragraph at lines 1117--1123
 [][] 
 []

<figures/Extinction.png, id=812, 866.23625pt x 765.86125pt>
File: figures/Extinction.png Graphic file (type png)
<use figures/Extinction.png>
Package pdftex.def Info: figures/Extinction.png  used on input line 1129.
(pdftex.def)             Requested size: 259.87288pt x 229.76015pt.

LaTeX Warning: `!h' float specifier changed to `!ht'.

[29pdfTeX warning (ext4): destination with the same identifier (name{figure.2.8
}) has been already used, duplicate ignored

\AtBegShi@Output ...ipout \box \AtBeginShipoutBox 
                                                  \fi \fi 
l.1152 
        <./figures/AC_dipole.png>]
<figures/POT_distribution.png, id=833, 436.63126pt x 342.27875pt>
File: figures/POT_distribution.png Graphic file (type png)
<use figures/POT_distribution.png>
Package pdftex.def Info: figures/POT_distribution.png  used on input line 1155.

(pdftex.def)             Requested size: 305.63979pt x 239.59348pt.
<figures/POT_sim.png, id=836, 565.61313pt x 351.3125pt>
File: figures/POT_sim.png Graphic file (type png)
<use figures/POT_sim.png>
Package pdftex.def Info: figures/POT_sim.png  used on input line 1164.
(pdftex.def)             Requested size: 339.37048pt x 210.78911pt.


LaTeX Warning: `!h' float specifier changed to `!ht'.

[30pdfTeX warning (ext4): destination with the same identifier (name{figure.2.9
}) has been already used, duplicate ignored

\AtBegShi@Output ...ipout \box \AtBeginShipoutBox 
                                                  \fi \fi 
l.1175 
       pdfTeX warning (ext4): destination with the same identifier (name{figure
.2.10}) has been already used, duplicate ignored

\AtBegShi@Output ...ipout \box \AtBeginShipoutBox 
                                                  \fi \fi 
l.1175 
        <./figures/Extinction.png> <./figures/POT_distribution.png>]
<figures/mu2e_apparatus.jpg, id=848, 716.6775pt x 182.6825pt>
File: figures/mu2e_apparatus.jpg Graphic file (type jpg)
<use figures/mu2e_apparatus.jpg>
Package pdftex.def Info: figures/mu2e_apparatus.jpg  used on input line 1178.
(pdftex.def)             Requested size: 430.00983pt x 109.61034pt.
 [31pdfTeX warning (ext4): destination with the same identifier (name{figure.2.
11}) has been already used, duplicate ignored

\AtBegShi@Output ...ipout \box \AtBeginShipoutBox 
                                                  \fi \fi 
l.1194 
       pdfTeX warning (ext4): destination with the same identifier (name{figure
.2.12}) has been already used, duplicate ignored

\AtBegShi@Output ...ipout \box \AtBeginShipoutBox 
                                                  \fi \fi 
l.1194 
        <./figures/POT_sim.png> <./figures/mu2e_apparatus.jpg>]
<figures/PS.png, id=862, 759.83875pt x 316.68312pt>
File: figures/PS.png Graphic file (type png)
<use figures/PS.png>
Package pdftex.def Info: figures/PS.png  used on input line 1197.
(pdftex.def)             Requested size: 303.93011pt x 126.67099pt.
<figures/production_target_history.png, id=870, 895.84688pt x 216.81pt>
File: figures/production_target_history.png Graphic file (type png)
<use figures/production_target_history.png>
Package pdftex.def Info: figures/production_target_history.png  used on input l
ine 1219.
(pdftex.def)             Requested size: 447.92235pt x 108.40472pt.

Overfull \hbox (6.90462pt too wide) in paragraph at lines 1219--1221
 [][] 
 []

<figures/Hayman2.png, id=875, 653.44125pt x 270.25969pt>
File: figures/Hayman2.png Graphic file (type png)
<use figures/Hayman2.png>
Package pdftex.def Info: figures/Hayman2.png  used on input line 1227.
(pdftex.def)             Requested size: 294.04584pt x 121.61572pt.
<figures/Hayman2_structure.png, id=876, 316.18124pt x 352.31625pt>
File: figures/Hayman2_structure.png Graphic file (type png)
<use figures/Hayman2_structure.png>
Package pdftex.def Info: figures/Hayman2_structure.png  used on input line 1228
.
(pdftex.def)             Requested size: 110.66508pt x 123.31253pt.

LaTeX Warning: `!h' float specifier changed to `!ht'.

[32pdfTeX warning (ext4): destination with the same identifier (name{figure.2.1
3}) has been already used, duplicate ignored

\AtBegShi@Output ...ipout \box \AtBeginShipoutBox 
                                                  \fi \fi 
l.1241 \begin{itemize}
                      pdfTeX warning (ext4): destination with the same identifi
er (name{figure.2.14}) has been already used, duplicate ignored

\AtBegShi@Output ...ipout \box \AtBeginShipoutBox 
                                                  \fi \fi 
l.1241 \begin{itemize}
                       <./figures/PS.png> <./figures/production_target_history.
png>]
<figures/MuonBeamline_TS_window_2.png, id=898, 474.27188pt x 317.185pt>
File: figures/MuonBeamline_TS_window_2.png Graphic file (type png)
<use figures/MuonBeamline_TS_window_2.png>
Package pdftex.def Info: figures/MuonBeamline_TS_window_2.png  used on input li
ne 1256.
(pdftex.def)             Requested size: 237.13536pt x 158.5921pt.
<figures/MuonBeamline_TS_3.png, id=899, 296.10625pt x 358.33875pt>
File: figures/MuonBeamline_TS_3.png Graphic file (type png)
<use figures/MuonBeamline_TS_3.png>
Package pdftex.def Info: figures/MuonBeamline_TS_3.png  used on input line 1257
.
(pdftex.def)             Requested size: 142.12938pt x 172.00064pt.


LaTeX Warning: `!h' float specifier changed to `!ht'.

<figures/DS_2.png, id=906, 531.9875pt x 104.39pt>
File: figures/DS_2.png Graphic file (type png)
<use figures/DS_2.png>
Package pdftex.def Info: figures/DS_2.png  used on input line 1276.
(pdftex.def)             Requested size: 372.38872pt x 73.07248pt.
[33pdfTeX warning (ext4): destination with the same identifier (name{figure.2.1
5}) has been already used, duplicate ignored

\AtBegShi@Output ...ipout \box \AtBeginShipoutBox 
                                                  \fi \fi 
l.1281 
        <./figures/Hayman2.png> <./figures/Hayman2_structure.png>]
<figures/stopping_target.png, id=920, 366.36874pt x 390.96063pt>
File: figures/stopping_target.png Graphic file (type png)
<use figures/stopping_target.png>
Package pdftex.def Info: figures/stopping_target.png  used on input line 1290.
(pdftex.def)             Requested size: 183.18391pt x 195.47983pt.


LaTeX Warning: `!h' float specifier changed to `!ht'.

[34pdfTeX warning (ext4): destination with the same identifier (name{figure.2.1
6}) has been already used, duplicate ignored

\AtBegShi@Output ...ipout \box \AtBeginShipoutBox 
                                                  \fi \fi 
l.1302 
       pdfTeX warning (ext4): destination with the same identifier (name{figure
.2.17}) has been already used, duplicate ignored

\AtBegShi@Output ...ipout \box \AtBeginShipoutBox 
                                                  \fi \fi 
l.1302 
        <./figures/MuonBeamline_TS_window_2.png> <./figures/MuonBeamline_TS_3.p
ng> <./figures/DS_2.png>]
<figures/ProtonAbsorber.png, id=934, 513.92pt x 272.01625pt>
File: figures/ProtonAbsorber.png Graphic file (type png)
<use figures/ProtonAbsorber.png>
Package pdftex.def Info: figures/ProtonAbsorber.png  used on input line 1305.
(pdftex.def)             Requested size: 308.35437pt x 163.211pt.
 [35pdfTeX warning (ext4): destination with the same identifier (name{figure.2.
18}) has been already used, duplicate ignored

\AtBegShi@Output ...ipout \box \AtBeginShipoutBox 
                                                  \fi \fi 
l.1323 
       pdfTeX warning (ext4): destination with the same identifier (name{figure
.2.19}) has been already used, duplicate ignored

\AtBegShi@Output ...ipout \box \AtBeginShipoutBox 
                                                  \fi \fi 
l.1323 
        <./figures/stopping_target.png> <./figures/ProtonAbsorber.png>]
<figures/Tracker_2.png, id=945, 566.115pt x 201.75375pt>
File: figures/Tracker_2.png Graphic file (type png)
<use figures/Tracker_2.png>
Package pdftex.def Info: figures/Tracker_2.png  used on input line 1342.
(pdftex.def)             Requested size: 283.05681pt x 100.87662pt.
<figures/Tracker_resolution.pdf, id=951, 569.12625pt x 548.0475pt>
File: figures/Tracker_resolution.pdf Graphic file (type pdf)
<use figures/Tracker_resolution.pdf>
Package pdftex.def Info: figures/Tracker_resolution.pdf  used on input line 136
4.
(pdftex.def)             Requested size: 170.73918pt x 164.41551pt.


LaTeX Warning: `!h' float specifier changed to `!ht'.

<figures/Tracker_prototype.png, id=954, 614.295pt x 155.07938pt>
File: figures/Tracker_prototype.png Graphic file (type png)
<use figures/Tracker_prototype.png>
Package pdftex.def Info: figures/Tracker_prototype.png  used on input line 1371
.
(pdftex.def)             Requested size: 430.00356pt x 108.55481pt.

LaTeX Warning: `!h' float specifier changed to `!ht'.


Underfull \hbox (badness 10000) in paragraph at lines 1378--1386

 []

[36pdfTeX warning (ext4): destination with the same identifier (name{figure.2.2
0}) has been already used, duplicate ignored

\AtBegShi@Output ...ipout \box \AtBeginShipoutBox 
                                                  \fi \fi 
l.1386 
        <./figures/Tracker_2.png>]
Underfull \hbox (badness 10000) in paragraph at lines 1387--1410

 []

[37pdfTeX warning (ext4): destination with the same identifier (name{figure.2.2
1}) has been already used, duplicate ignored

\AtBegShi@Output ...ipout \box \AtBeginShipoutBox 
                                                  \fi \fi 
l.1410 
       pdfTeX warning (ext4): destination with the same identifier (name{figure
.2.22}) has been already used, duplicate ignored

\AtBegShi@Output ...ipout \box \AtBeginShipoutBox 
                                                  \fi \fi 
l.1410 
        <./figures/Tracker_resolution.pdf, page is rotated 90 degrees> <./figur
es/Tracker_prototype.png>]
<figures/straw.png, id=1024, 1176.395pt x 300.12125pt>
File: figures/straw.png Graphic file (type png)
<use figures/straw.png>
Package pdftex.def Info: figures/straw.png  used on input line 1413.
(pdftex.def)             Requested size: 470.54967pt x 120.04637pt.

Overfull \hbox (29.53194pt too wide) in paragraph at lines 1413--1414
 [][] 
 []

<figures/straw_avalanche.png, id=1026, 286.06876pt x 234.8775pt>
File: figures/straw_avalanche.png Graphic file (type png)
<use figures/straw_avalanche.png>
Package pdftex.def Info: figures/straw_avalanche.png  used on input line 1420.
(pdftex.def)             Requested size: 143.03403pt x 117.43846pt.
<figures/straw_avalanche_2.png, id=1027, 552.0625pt x 209.78375pt>
File: figures/straw_avalanche_2.png Graphic file (type png)
<use figures/straw_avalanche_2.png>
Package pdftex.def Info: figures/straw_avalanche_2.png  used on input line 1421
.
(pdftex.def)             Requested size: 220.82108pt x 83.912pt.
<figures/Tracker_panel_geom.png, id=1029, 303.63437pt x 188.20313pt>
File: figures/Tracker_panel_geom.png Graphic file (type png)
<use figures/Tracker_panel_geom.png>
Package pdftex.def Info: figures/Tracker_panel_geom.png  used on input line 142
8.
(pdftex.def)             Requested size: 242.90782pt x 150.56268pt.
<figures/Tracker_panel.png, id=1032, 952.55875pt x 427.5975pt>
File: figures/Tracker_panel.png Graphic file (type png)
<use figures/Tracker_panel.png>
Package pdftex.def Info: figures/Tracker_panel.png  used on input line 1437.
(pdftex.def)             Requested size: 190.50838pt x 85.51797pt.
<figures/Tracker_panel_picture.png, id=1033, 740.26563pt x 360.84813pt>
File: figures/Tracker_panel_picture.png Graphic file (type png)
<use figures/Tracker_panel_picture.png>
Package pdftex.def Info: figures/Tracker_panel_picture.png  used on input line 
1438.
(pdftex.def)             Requested size: 185.06595pt x 90.2118pt.

LaTeX Warning: `!h' float specifier changed to `!ht'.

<figures/Tracker_plane.jpg, id=1038, 577.15625pt x 376.40625pt>
File: figures/Tracker_plane.jpg Graphic file (type jpg)
<use figures/Tracker_plane.jpg>
Package pdftex.def Info: figures/Tracker_plane.jpg  used on input line 1445.
(pdftex.def)             Requested size: 173.14821pt x 112.92273pt.
<figures/Tracker_plane_picture.png, id=1039, 544.0325pt x 284.06125pt>
File: figures/Tracker_plane_picture.png Graphic file (type png)
<use figures/Tracker_plane_picture.png>
Package pdftex.def Info: figures/Tracker_plane_picture.png  used on input line 
1446.
(pdftex.def)             Requested size: 190.41423pt x 99.42291pt.

LaTeX Warning: `!h' float specifier changed to `!ht'.

[38pdfTeX warning (ext4): destination with the same identifier (name{figure.2.2
3}) has been already used, duplicate ignored

\AtBegShi@Output ...ipout \box \AtBeginShipoutBox 
                                                  \fi \fi 
l.1460 \begin{itemize}
                      pdfTeX warning (ext4): destination with the same identifi
er (name{figure.2.24}) has been already used, duplicate ignored

\AtBegShi@Output ...ipout \box \AtBeginShipoutBox 
                                                  \fi \fi 
l.1460 \begin{itemize}
                      pdfTeX warning (ext4): destination with the same identifi
er (name{figure.2.25}) has been already used, duplicate ignored

\AtBegShi@Output ...ipout \box \AtBeginShipoutBox 
                                                  \fi \fi 
l.1460 \begin{itemize}
                       <./figures/straw.png> <./figures/straw_avalanche.png> <.
/figures/straw_avalanche_2.png> <./figures/Tracker_panel_geom.png>]
<figures/Tracker_electronics.png, id=1054, 763.85374pt x 494.84875pt>
File: figures/Tracker_electronics.png Graphic file (type png)
<use figures/Tracker_electronics.png>
Package pdftex.def Info: figures/Tracker_electronics.png  used on input line 14
75.
(pdftex.def)             Requested size: 305.53607pt x 197.93599pt.


LaTeX Warning: `!h' float specifier changed to `!ht'.


Underfull \hbox (badness 10000) in paragraph at lines 1485--1493

 []

[39pdfTeX warning (ext4): destination with the same identifier (name{figure.2.2
6}) has been already used, duplicate ignored

\AtBegShi@Output ...ipout \box \AtBeginShipoutBox 
                                                  \fi \fi 
l.1493 
       pdfTeX warning (ext4): destination with the same identifier (name{figure
.2.27}) has been already used, duplicate ignored

\AtBegShi@Output ...ipout \box \AtBeginShipoutBox 
                                                  \fi \fi 
l.1493 
        <./figures/Tracker_panel.png> <./figures/Tracker_panel_picture.png> <./
figures/Tracker_plane.jpg> <./figures/Tracker_plane_picture.png>] [40pdfTeX war
ning (ext4): destination with the same identifier (name{figure.2.28}) has been 
already used, duplicate ignored

\AtBegShi@Output ...ipout \box \AtBeginShipoutBox 
                                                  \fi \fi 
l.1513 
        <./figures/Tracker_electronics.png>]
<figures/mu2e_calorimeter.png, id=1076, 325.215pt x 331.9602pt>
File: figures/mu2e_calorimeter.png Graphic file (type png)
<use figures/mu2e_calorimeter.png>
Package pdftex.def Info: figures/mu2e_calorimeter.png  used on input line 1516.

(pdftex.def)             Requested size: 162.6071pt x 165.97969pt.
<figures/mu2e_calorimeter_Module0.png, id=1077, 250.43562pt x 241.90375pt>
File: figures/mu2e_calorimeter_Module0.png Graphic file (type png)
<use figures/mu2e_calorimeter_Module0.png>
Package pdftex.def Info: figures/mu2e_calorimeter_Module0.png  used on input li
ne 1517.
(pdftex.def)             Requested size: 175.30373pt x 169.33147pt.
<figures/calorimeter_test.png, id=1084, 768.8725pt x 273.02pt>
File: figures/calorimeter_test.png Graphic file (type png)
<use figures/calorimeter_test.png>
Package pdftex.def Info: figures/calorimeter_test.png  used on input line 1524.

(pdftex.def)             Requested size: 384.4353pt x 136.50966pt.
 [41pdfTeX warning (ext4): destination with the same identifier (name{figure.2.
29}) has been already used, duplicate ignored

\AtBegShi@Output ...ipout \box \AtBeginShipoutBox 
                                                  \fi \fi 
l.1540 \item T
              he Front Source Plate is made of carbon fiber to reduce the en...
pdfTeX warning (ext4): destination with the same identifier (name{figure.2.30})
 has been already used, duplicate ignored

\AtBegShi@Output ...ipout \box \AtBeginShipoutBox 
                                                  \fi \fi 
l.1540 \item T
              he Front Source Plate is made of carbon fiber to reduce the en...
 <./figures/mu2e_calorimeter.png> <./figures/mu2e_calorimeter_Module0.png> <./f
igures/calorimeter_test.png>]
<figures/mu2e_calorimeter_disk_2.png, id=1099, 523.45563pt x 299.1175pt>
File: figures/mu2e_calorimeter_disk_2.png Graphic file (type png)
<use figures/mu2e_calorimeter_disk_2.png>
Package pdftex.def Info: figures/mu2e_calorimeter_disk_2.png  used on input lin
e 1554.
(pdftex.def)             Requested size: 418.76506pt x 239.29431pt.

Overfull \hbox (7.38762pt too wide) in paragraph at lines 1561--1577
\OT1/cmr/m/n/12 mon-i-tor photo-sensors and front-end elec-tron-ics per-for-man
ce, are called \OT1/cmr/m/it/12 In-ter-face Boards\OT1/cmr/m/n/12 .
 []

[42pdfTeX warning (ext4): destination with the same identifier (name{figure.2.3
1}) has been already used, duplicate ignored

\AtBegShi@Output ...ipout \box \AtBeginShipoutBox 
                                                  \fi \fi 
l.1577 \begin{itemize}
                       <./figures/mu2e_calorimeter_disk_2.png>]
<figures/CRV.jpg, id=1111, 157.10869pt x 87.25575pt>
File: figures/CRV.jpg Graphic file (type jpg)
<use figures/CRV.jpg>
Package pdftex.def Info: figures/CRV.jpg  used on input line 1614.
(pdftex.def)             Requested size: 314.21658pt x 174.51105pt.


LaTeX Warning: `!h' float specifier changed to `!ht'.

<figures/CRV_module_geometry.png, id=1114, 361.35pt x 179.2296pt>
File: figures/CRV_module_geometry.png Graphic file (type png)
<use figures/CRV_module_geometry.png>
Package pdftex.def Info: figures/CRV_module_geometry.png  used on input line 16
25.
(pdftex.def)             Requested size: 216.81168pt x 107.53857pt.
<figures/CRV_module_components.png, id=1115, 447.6725pt x 270.00874pt>
File: figures/CRV_module_components.png Graphic file (type png)
<use figures/CRV_module_components.png>
Package pdftex.def Info: figures/CRV_module_components.png  used on input line 
1626.
(pdftex.def)             Requested size: 179.06583pt x 108.00157pt.

LaTeX Warning: `!h' float specifier changed to `!ht'.

[43]
<figures/TDAQ.png, id=1126, 649.9482pt x 432.6564pt>
File: figures/TDAQ.png Graphic file (type png)
<use figures/TDAQ.png>
Package pdftex.def Info: figures/TDAQ.png  used on input line 1642.
(pdftex.def)             Requested size: 389.97192pt x 259.59584pt.


LaTeX Warning: `!h' float specifier changed to `!ht'.

[44pdfTeX warning (ext4): destination with the same identifier (name{figure.2.3
2}) has been already used, duplicate ignored

\AtBegShi@Output ...ipout \box \AtBeginShipoutBox 
                                                  \fi \fi 
l.1661 \end{itemize}
                    pdfTeX warning (ext4): destination with the same identifier
 (name{figure.2.33}) has been already used, duplicate ignored

\AtBegShi@Output ...ipout \box \AtBeginShipoutBox 
                                                  \fi \fi 
l.1661 \end{itemize}
                     <./figures/CRV.jpg> <./figures/CRV_module_geometry.png> <.
/figures/CRV_module_components.png>]
Underfull \hbox (badness 10000) in paragraph at lines 1677--1679

 []

<figures/HPG_Spectra.png, id=1140, 550.055pt x 399.99437pt>
File: figures/HPG_Spectra.png Graphic file (type png)
<use figures/HPG_Spectra.png>
Package pdftex.def Info: figures/HPG_Spectra.png  used on input line 1683.
(pdftex.def)             Requested size: 330.03554pt x 239.99847pt.

LaTeX Warning: `!h' float specifier changed to `!ht'.

[45pdfTeX warning (ext4): destination with the same identifier (name{figure.2.3
4}) has been already used, duplicate ignored

\AtBegShi@Output ...ipout \box \AtBeginShipoutBox 
                                                  \fi \fi 
l.1698 
        <./figures/TDAQ.png>]
<figures/STM_geom.png, id=1151, 348.80313pt x 265.49188pt>
File: figures/STM_geom.png Graphic file (type png)
<use figures/STM_geom.png>
Package pdftex.def Info: figures/STM_geom.png  used on input line 1701.
(pdftex.def)             Requested size: 209.2835pt x 159.29634pt.
 [46pdfTeX warning (ext4): destination with the same identifier (name{figure.2.
35}) has been already used, duplicate ignored

\AtBegShi@Output ...ipout \box \AtBeginShipoutBox 
                                                  \fi \fi 
l.1719 
       pdfTeX warning (ext4): destination with the same identifier (name{figure
.2.36}) has been already used, duplicate ignored

\AtBegShi@Output ...ipout \box \AtBeginShipoutBox 
                                                  \fi \fi 
l.1719 
        <./figures/HPG_Spectra.png> <./figures/STM_geom.png>]
Underfull \hbox (badness 10000) in paragraph at lines 1739--1745

 []

[47]
<figures/mu2e_datahandling.jpg, id=1176, 204.765pt x 245.91875pt>
File: figures/mu2e_datahandling.jpg Graphic file (type jpg)
<use figures/mu2e_datahandling.jpg>
Package pdftex.def Info: figures/mu2e_datahandling.jpg  used on input line 1757
.
(pdftex.def)             Requested size: 163.8122pt x 196.73524pt.
 [48pdfTeX warning (ext4): destination with the same identifier (name{figure.2.
37}) has been already used, duplicate ignored

\AtBegShi@Output ...ipout \box \AtBeginShipoutBox 
                                                  \fi \fi 
l.1768 \part
            {Proton reconstruction} <./figures/mu2e_datahandling.jpg>] [49

]
Chapter 3.
[50

] [51]
Underfull \hbox (badness 10000) in paragraph at lines 1846--1851

 []

[52]
<figures/giani_TrkPatRec_triplets.png, id=1222, 332.74312pt x 346.79562pt>
File: figures/giani_TrkPatRec_triplets.png Graphic file (type png)
<use figures/giani_TrkPatRec_triplets.png>
Package pdftex.def Info: figures/giani_TrkPatRec_triplets.png  used on input li
ne 1874.
(pdftex.def)             Requested size: 133.09488pt x 138.71579pt.
 [53pdfTeX warning (ext4): destination with the same identifier (name{figure.3.
1}) has been already used, duplicate ignored

\AtBegShi@Output ...ipout \box \AtBeginShipoutBox 
                                                  \fi \fi 
l.1899 
        <./figures/giani_TrkPatRec_triplets.png>]
<figures/giani_TrkPatRec_ambiguity0.png, id=1236, 377.91188pt x 203.76125pt>
File: figures/giani_TrkPatRec_ambiguity0.png Graphic file (type png)
<use figures/giani_TrkPatRec_ambiguity0.png>
Package pdftex.def Info: figures/giani_TrkPatRec_ambiguity0.png  used on input 
line 1902.
(pdftex.def)             Requested size: 207.85217pt x 112.06902pt.
<figures/giani_TrkPatRec_ambiguity1.png, id=1237, 378.41376pt x 203.76125pt>
File: figures/giani_TrkPatRec_ambiguity1.png Graphic file (type png)
<use figures/giani_TrkPatRec_ambiguity1.png>
Package pdftex.def Info: figures/giani_TrkPatRec_ambiguity1.png  used on input 
line 1903.
(pdftex.def)             Requested size: 208.1282pt x 112.06902pt.
<figures/giani_CalPatRec_semiplane.png, id=1242, 576.65437pt x 294.60063pt>
File: figures/giani_CalPatRec_semiplane.png Graphic file (type png)
<use figures/giani_CalPatRec_semiplane.png>
Package pdftex.def Info: figures/giani_CalPatRec_semiplane.png  used on input l
ine 1925.
(pdftex.def)             Requested size: 345.99529pt x 176.76173pt.


LaTeX Warning: `!h' float specifier changed to `!ht'.

<figures/giani_TrkPatRec_errors.png, id=1245, 532.48938pt x 347.79938pt>
File: figures/giani_TrkPatRec_errors.png Graphic file (type png)
<use figures/giani_TrkPatRec_errors.png>
Package pdftex.def Info: figures/giani_TrkPatRec_errors.png  used on input line
 1936.
(pdftex.def)             Requested size: 159.74805pt x 104.3406pt.

LaTeX Warning: `!h' float specifier changed to `!ht'.

[54pdfTeX warning (ext4): destination with the same identifier (name{figure.3.2
}) has been already used, duplicate ignored

\AtBegShi@Output ...ipout \box \AtBeginShipoutBox 
                                                  \fi \fi 
l.1951 
        <./figures/giani_TrkPatRec_ambiguity0.png> <./figures/giani_TrkPatRec_a
mbiguity1.png>]
<figures/giani_TrkPatRec_performance.png, id=1259, 602.75188pt x 287.0725pt>
File: figures/giani_TrkPatRec_performance.png Graphic file (type png)
<use figures/giani_TrkPatRec_performance.png>
Package pdftex.def Info: figures/giani_TrkPatRec_performance.png  used on input
 line 1954.
(pdftex.def)             Requested size: 361.65392pt x 172.24483pt.
<figures/giani_CalPatRec_performance.png, id=1260, 600.74437pt x 284.06125pt>
File: figures/giani_CalPatRec_performance.png Graphic file (type png)
<use figures/giani_CalPatRec_performance.png>
Package pdftex.def Info: figures/giani_CalPatRec_performance.png  used on input
 line 1955.
(pdftex.def)             Requested size: 360.4494pt x 170.43805pt.


LaTeX Warning: `!h' float specifier changed to `!ht'.


Underfull \hbox (badness 10000) in paragraph at lines 1968--1978

 []

[55pdfTeX warning (ext4): destination with the same identifier (name{figure.3.3
}) has been already used, duplicate ignored

\AtBegShi@Output ...ipout \box \AtBeginShipoutBox 
                                                  \fi \fi 
l.1978 
       pdfTeX warning (ext4): destination with the same identifier (name{figure
.3.4}) has been already used, duplicate ignored

\AtBegShi@Output ...ipout \box \AtBeginShipoutBox 
                                                  \fi \fi 
l.1978 
        <./figures/giani_CalPatRec_semiplane.png> <./figures/giani_TrkPatRec_er
rors.png>]
<figures/giani_PatRec_ambiguity.png, id=1269, 468.24937pt x 364.36125pt>
File: figures/giani_PatRec_ambiguity.png Graphic file (type png)
<use figures/giani_PatRec_ambiguity.png>
Package pdftex.def Info: figures/giani_PatRec_ambiguity.png  used on input line
 1981.
(pdftex.def)             Requested size: 234.1241pt x 182.18018pt.


LaTeX Warning: `!h' float specifier changed to `!ht'.


Underfull \hbox (badness 10000) in paragraph at lines 1986--1996

 []

[56pdfTeX warning (ext4): destination with the same identifier (name{figure.3.5
}) has been already used, duplicate ignored

\AtBegShi@Output ...ipout \box \AtBeginShipoutBox 
                                                  \fi \fi 
l.1996 
        <./figures/giani_TrkPatRec_performance.png> <./figures/giani_CalPatRec_
performance.png>]
<figures/Kutschke_Kalman_circ.png, id=1279, 366.87062pt x 305.14pt>
File: figures/Kutschke_Kalman_circ.png Graphic file (type png)
<use figures/Kutschke_Kalman_circ.png>
Package pdftex.def Info: figures/Kutschke_Kalman_circ.png  used on input line 1
999.
(pdftex.def)             Requested size: 183.43486pt x 152.56961pt.
 [57pdfTeX warning (ext4): destination with the same identifier (name{figure.3.
6}) has been already used, duplicate ignored

\AtBegShi@Output ...ipout \box \AtBeginShipoutBox 
                                                  \fi \fi 
l.2019 \begin{itemize}
                      pdfTeX warning (ext4): destination with the same identifi
er (name{figure.3.7}) has been already used, duplicate ignored

\AtBegShi@Output ...ipout \box \AtBeginShipoutBox 
                                                  \fi \fi 
l.2019 \begin{itemize}
                       <./figures/giani_PatRec_ambiguity.png> <./figures/Kutsch
ke_Kalman_circ.png>]
Underfull \hbox (badness 10000) in paragraph at lines 2024--2030

 []

[58]
<figures/Kutschke_Kalman.png, id=1306, 384.93813pt x 100.87688pt>
File: figures/Kutschke_Kalman.png Graphic file (type png)
<use figures/Kutschke_Kalman.png>
Package pdftex.def Info: figures/Kutschke_Kalman.png  used on input line 2071.
(pdftex.def)             Requested size: 269.45485pt x 70.61331pt.
 [59pdfTeX warning (ext4): destination with the same identifier (name{figure.3.
8}) has been already used, duplicate ignored

\AtBegShi@Output ...ipout \box \AtBeginShipoutBox 
                                                  \fi \fi 
l.2121 \end{gather*}
                     <./figures/Kutschke_Kalman.png>] [60] [61]
Chapter 4.

Underfull \hbox (badness 10000) in paragraph at lines 2212--2227

 []

<figures/sobottka.png, id=1343, 380.42125pt x 252.945pt>
File: figures/sobottka.png Graphic file (type png)
<use figures/sobottka.png>
Package pdftex.def Info: figures/sobottka.png  used on input line 2230.
(pdftex.def)             Requested size: 304.3374pt x 202.35626pt.

Underfull \hbox (badness 10000) in paragraph at lines 2236--2243

 []


Underfull \hbox (badness 10000) in paragraph at lines 2244--2253

 []

[62

]
<figures/new_spectra_2/Gaponenko_protons.png, id=1381, 505.89pt x 250.9375pt>
File: figures/new_spectra_2/Gaponenko_protons.png Graphic file (type png)
<use figures/new_spectra_2/Gaponenko_protons.png>
Package pdftex.def Info: figures/new_spectra_2/Gaponenko_protons.png  used on i
nput line 2293.
(pdftex.def)             Requested size: 216.1011pt x 107.19264pt.
<figures/new_spectra_2/Gaponenko_deuterons.png, id=1382, 511.9125pt x 254.45062
pt>
File: figures/new_spectra_2/Gaponenko_deuterons.png Graphic file (type png)
<use figures/new_spectra_2/Gaponenko_deuterons.png>
Package pdftex.def Info: figures/new_spectra_2/Gaponenko_deuterons.png  used on
 input line 2294.
(pdftex.def)             Requested size: 216.1011pt x 107.41597pt.


LaTeX Warning: `!h' float specifier changed to `!ht'.

<figures/new_spectra_2/Quirk_protons.png, id=1385, 392.46625pt x 277.035pt>
File: figures/new_spectra_2/Quirk_protons.png Graphic file (type png)
<use figures/new_spectra_2/Quirk_protons.png>
Package pdftex.def Info: figures/new_spectra_2/Quirk_protons.png  used on input
 line 2303.
(pdftex.def)             Requested size: 235.48155pt x 166.22227pt.

LaTeX Warning: `!h' float specifier changed to `!ht'.

<figures/new_spectra_2/comparison2.png, id=1388, 700.6175pt x 475.7775pt>
File: figures/new_spectra_2/comparison2.png Graphic file (type png)
<use figures/new_spectra_2/comparison2.png>
Package pdftex.def Info: figures/new_spectra_2/comparison2.png  used on input l
ine 2311.
(pdftex.def)             Requested size: 352.81552pt x 239.5942pt.

LaTeX Warning: `!h' float specifier changed to `!ht'.


Underfull \hbox (badness 10000) in paragraph at lines 2320--2333

 []

[63pdfTeX warning (ext4): destination with the same identifier (name{figure.4.1
}) has been already used, duplicate ignored

\AtBegShi@Output ...ipout \box \AtBeginShipoutBox 
                                                  \fi \fi 
l.2333 
       pdfTeX warning (ext4): destination with the same identifier (name{table.
4.1}) has been already used, duplicate ignored

\AtBegShi@Output ...ipout \box \AtBeginShipoutBox 
                                                  \fi \fi 
l.2333 
        <./figures/sobottka.png>] [64pdfTeX warning (ext4): destination with th
e same identifier (name{figure.4.2}) has been already used, duplicate ignored

\AtBegShi@Output ...ipout \box \AtBeginShipoutBox 
                                                  \fi \fi 
l.2355 
       pdfTeX warning (ext4): destination with the same identifier (name{figure
.4.3}) has been already used, duplicate ignored

\AtBegShi@Output ...ipout \box \AtBeginShipoutBox 
                                                  \fi \fi 
l.2355 
        <./figures/new_spectra_2/Gaponenko_protons.png> <./figures/new_spectra_
2/Gaponenko_deuterons.png> <./figures/new_spectra_2/Quirk_protons.png>]
Underfull \hbox (badness 10000) in paragraph at lines 2361--2364

 []

<figures//plots/flat/Lambda_p-gen1SH.png, id=1406, 538.01pt x 322.20375pt>
File: figures//plots/flat/Lambda_p-gen1SH.png Graphic file (type png)
<use figures//plots/flat/Lambda_p-gen1SH.png>
Package pdftex.def Info: figures//plots/flat/Lambda_p-gen1SH.png  used on input
 line 2367.
(pdftex.def)             Requested size: 352.81552pt x 211.29327pt.
[65pdfTeX warning (ext4): destination with the same identifier (name{figure.4.4
}) has been already used, duplicate ignored

\AtBegShi@Output ...ipout \box \AtBeginShipoutBox 
                                                  \fi \fi 
l.2370 \end{figure}
                    <./figures/new_spectra_2/comparison2.png>]
Underfull \hbox (badness 10000) in paragraph at lines 2372--2375

 []

<figures//new_spectra_2/NoAbs_p.png, id=1413, 521.44812pt x 354.82562pt>
File: figures//new_spectra_2/NoAbs_p.png Graphic file (type png)
<use figures//new_spectra_2/NoAbs_p.png>
Package pdftex.def Info: figures//new_spectra_2/NoAbs_p.png  used on input line
 2378.
(pdftex.def)             Requested size: 216.1011pt x 147.04955pt.
<figures//new_spectra_2/Abs_p.png, id=1414, 521.95pt x 355.3275pt>
File: figures//new_spectra_2/Abs_p.png Graphic file (type png)
<use figures//new_spectra_2/Abs_p.png>
Package pdftex.def Info: figures//new_spectra_2/Abs_p.png  used on input line 2
379.
(pdftex.def)             Requested size: 216.1011pt x 147.11658pt.
[66pdfTeX warning (ext4): destination with the same identifier (name{figure.4.5
}) has been already used, duplicate ignored

\AtBegShi@Output ...ipout \box \AtBeginShipoutBox 
                                                  \fi \fi 
l.2388 
       pdfTeX warning (ext4): destination with the same identifier (name{figure
.4.6}) has been already used, duplicate ignored

\AtBegShi@Output ...ipout \box \AtBeginShipoutBox 
                                                  \fi \fi 
l.2388 
        <./figures//plots/flat/Lambda_p-gen1SH.png> <./figures//new_spectra_2/N
oAbs_p.png> <./figures//new_spectra_2/Abs_p.png>]
<figures//plots/flat/all_SHvsGenp.png, id=1422, 700.6175pt x 475.7775pt>
File: figures//plots/flat/all_SHvsGenp.png Graphic file (type png)
<use figures//plots/flat/all_SHvsGenp.png>
Package pdftex.def Info: figures//plots/flat/all_SHvsGenp.png  used on input li
ne 2391.
(pdftex.def)             Requested size: 352.81552pt x 239.5942pt.

Underfull \hbox (badness 10000) in paragraph at lines 2396--2403

 []

<figures//plots/flat/TimeClusterPar_nSH.png, id=1426, 700.6175pt x 475.7775pt>
File: figures//plots/flat/TimeClusterPar_nSH.png Graphic file (type png)
<use figures//plots/flat/TimeClusterPar_nSH.png>
Package pdftex.def Info: figures//plots/flat/TimeClusterPar_nSH.png  used on in
put line 2408.
(pdftex.def)             Requested size: 216.1011pt x 146.749pt.
<figures//plots/flat/TimeClusterPar_nCH-vs-p.png, id=1427, 700.6175pt x 475.777
5pt>
File: figures//plots/flat/TimeClusterPar_nCH-vs-p.png Graphic file (type png)
<use figures//plots/flat/TimeClusterPar_nCH-vs-p.png>
Package pdftex.def Info: figures//plots/flat/TimeClusterPar_nCH-vs-p.png  used 
on input line 2415.
(pdftex.def)             Requested size: 216.1011pt x 146.749pt.

Underfull \hbox (badness 10000) in paragraph at lines 2421--2422

 []

<figures//plots/flat/TimeClusterMVA_ntcl-vs-pgen.png, id=1429, 700.6175pt x 475
.7775pt>
File: figures//plots/flat/TimeClusterMVA_ntcl-vs-pgen.png Graphic file (type pn
g)
<use figures//plots/flat/TimeClusterMVA_ntcl-vs-pgen.png>
Package pdftex.def Info: figures//plots/flat/TimeClusterMVA_ntcl-vs-pgen.png  u
sed on input line 2427.
(pdftex.def)             Requested size: 216.1011pt x 146.749pt.
<figures//plots/flat/TimeClusterPar_ntcl-vs-pgen.png, id=1430, 700.6175pt x 475
.7775pt>
File: figures//plots/flat/TimeClusterPar_ntcl-vs-pgen.png Graphic file (type pn
g)
<use figures//plots/flat/TimeClusterPar_ntcl-vs-pgen.png>
Package pdftex.def Info: figures//plots/flat/TimeClusterPar_ntcl-vs-pgen.png  u
sed on input line 2434.
(pdftex.def)             Requested size: 216.1011pt x 146.749pt.
<figures//plots/flat/TimeClusterPar_ProtonPeaks.png, id=1432, 700.6175pt x 475.
7775pt>
File: figures//plots/flat/TimeClusterPar_ProtonPeaks.png Graphic file (type png
)
<use figures//plots/flat/TimeClusterPar_ProtonPeaks.png>
Package pdftex.def Info: figures//plots/flat/TimeClusterPar_ProtonPeaks.png  us
ed on input line 2447.
(pdftex.def)             Requested size: 352.81552pt x 239.5942pt.
[67pdfTeX warning (ext4): destination with the same identifier (name{figure.4.7
}) has been already used, duplicate ignored

\AtBegShi@Output ...ipout \box \AtBeginShipoutBox 
                                                  \fi \fi 
l.2450 \end{figure}
                    <./figures//plots/flat/all_SHvsGenp.png>]

LaTeX Warning: `!h' float specifier changed to `!ht'.


Underfull \hbox (badness 10000) in paragraph at lines 2452--2455

 []

<figures//plots/flat/nTC_comparison.png, id=1444, 700.6175pt x 475.7775pt>
File: figures//plots/flat/nTC_comparison.png Graphic file (type png)
<use figures//plots/flat/nTC_comparison.png>
Package pdftex.def Info: figures//plots/flat/nTC_comparison.png  used on input 
line 2458.
(pdftex.def)             Requested size: 352.81552pt x 239.5942pt.

LaTeX Warning: `!h' float specifier changed to `!ht'.

[68pdfTeX warning (ext4): destination with the same identifier (name{figure.4.8
}) has been already used, duplicate ignored

\AtBegShi@Output ...ipout \box \AtBeginShipoutBox 
                                                  \fi \fi 
l.2471 
       pdfTeX warning (ext4): destination with the same identifier (name{figure
.4.9}) has been already used, duplicate ignored

\AtBegShi@Output ...ipout \box \AtBeginShipoutBox 
                                                  \fi \fi 
l.2471 
       pdfTeX warning (ext4): destination with the same identifier (name{figure
.4.10}) has been already used, duplicate ignored

\AtBegShi@Output ...ipout \box \AtBeginShipoutBox 
                                                  \fi \fi 
l.2471 
       pdfTeX warning (ext4): destination with the same identifier (name{figure
.4.11}) has been already used, duplicate ignored

\AtBegShi@Output ...ipout \box \AtBeginShipoutBox 
                                                  \fi \fi 
l.2471 
        <./figures//plots/flat/TimeClusterPar_nSH.png> <./figures//plots/flat/T
imeClusterPar_nCH-vs-p.png> <./figures//plots/flat/TimeClusterMVA_ntcl-vs-pgen.
png> <./figures//plots/flat/TimeClusterPar_ntcl-vs-pgen.png>] [69pdfTeX warning
 (ext4): destination with the same identifier (name{figure.4.12}) has been alre
ady used, duplicate ignored

\AtBegShi@Output ...ipout \box \AtBeginShipoutBox 
                                                  \fi \fi 
l.2471 
       pdfTeX warning (ext4): destination with the same identifier (name{figure
.4.13}) has been already used, duplicate ignored

\AtBegShi@Output ...ipout \box \AtBeginShipoutBox 
                                                  \fi \fi 
l.2471 
        <./figures//plots/flat/TimeClusterPar_ProtonPeaks.png> <./figures//plot
s/flat/nTC_comparison.png>]
<figures//plots/flat/Lambda_first-z.png, id=1462, 700.6175pt x 475.7775pt>
File: figures//plots/flat/Lambda_first-z.png Graphic file (type png)
<use figures//plots/flat/Lambda_first-z.png>
Package pdftex.def Info: figures//plots/flat/Lambda_first-z.png  used on input 
line 2474.
(pdftex.def)             Requested size: 352.81552pt x 239.5942pt.
<figures//plots/flat/Lambda_last-z.png, id=1463, 700.6175pt x 475.7775pt>
File: figures//plots/flat/Lambda_last-z.png Graphic file (type png)
<use figures//plots/flat/Lambda_last-z.png>
Package pdftex.def Info: figures//plots/flat/Lambda_last-z.png  used on input l
ine 2481.
(pdftex.def)             Requested size: 352.81552pt x 239.5942pt.
<figures/Blender_Tracker_4.png, id=1464, 275.0275pt x 252.945pt>
File: figures/Blender_Tracker_4.png Graphic file (type png)
<use figures/Blender_Tracker_4.png>
Package pdftex.def Info: figures/Blender_Tracker_4.png  used on input line 2488
.
(pdftex.def)             Requested size: 352.81552pt x 324.51726pt.

Underfull \hbox (badness 10000) in paragraph at lines 2494--2499

 []

<figures//plots/flat/TimeClusterPar_Helix_lambda-vs-pgen.png, id=1467, 700.6175
pt x 475.7775pt>
File: figures//plots/flat/TimeClusterPar_Helix_lambda-vs-pgen.png Graphic file 
(type png)
<use figures//plots/flat/TimeClusterPar_Helix_lambda-vs-pgen.png>
Package pdftex.def Info: figures//plots/flat/TimeClusterPar_Helix_lambda-vs-pge
n.png  used on input line 2502.
(pdftex.def)             Requested size: 352.81552pt x 239.5942pt.

LaTeX Warning: `!h' float specifier changed to `!ht'.

<figures//plots/flat/Lambda_Lambda-vs-p.png, id=1468, 700.6175pt x 475.7775pt>
File: figures//plots/flat/Lambda_Lambda-vs-p.png Graphic file (type png)
<use figures//plots/flat/Lambda_Lambda-vs-p.png>
Package pdftex.def Info: figures//plots/flat/Lambda_Lambda-vs-p.png  used on in
put line 2509.
(pdftex.def)             Requested size: 352.81552pt x 239.5942pt.

LaTeX Warning: `!h' float specifier changed to `!ht'.


Underfull \hbox (badness 10000) in paragraph at lines 2514--2516

 []

<figures//plots/flat/TimeClusterPar_Helix_frac-vs-pgen.png, id=1471, 700.6175pt
 x 475.7775pt>
File: figures//plots/flat/TimeClusterPar_Helix_frac-vs-pgen.png Graphic file (t
ype png)
<use figures//plots/flat/TimeClusterPar_Helix_frac-vs-pgen.png>
Package pdftex.def Info: figures//plots/flat/TimeClusterPar_Helix_frac-vs-pgen.
png  used on input line 2519.
(pdftex.def)             Requested size: 216.1011pt x 146.749pt.
<figures//plots/flat/Lambda_fraction.png, id=1472, 700.6175pt x 475.7775pt>
File: figures//plots/flat/Lambda_fraction.png Graphic file (type png)
<use figures//plots/flat/Lambda_fraction.png>
Package pdftex.def Info: figures//plots/flat/Lambda_fraction.png  used on input
 line 2520.
(pdftex.def)             Requested size: 216.1011pt x 146.749pt.

LaTeX Warning: `!h' float specifier changed to `!ht'.


Underfull \hbox (badness 10000) in paragraph at lines 2525--2530

 []

[70pdfTeX warning (ext4): destination with the same identifier (name{figure.4.1
4}) has been already used, duplicate ignored

\AtBegShi@Output ...ipout \box \AtBeginShipoutBox 
                                                  \fi \fi 
l.2530 
        <./figures//plots/flat/Lambda_first-z.png>] [71pdfTeX warning (ext4): d
estination with the same identifier (name{figure.4.15}) has been already used, 
duplicate ignored

\AtBegShi@Output ...ipout \box \AtBeginShipoutBox 
                                                  \fi \fi 
l.2530 
       pdfTeX warning (ext4): destination with the same identifier (name{figure
.4.16}) has been already used, duplicate ignored

\AtBegShi@Output ...ipout \box \AtBeginShipoutBox 
                                                  \fi \fi 
l.2530 
        <./figures//plots/flat/Lambda_last-z.png> <./figures/Blender_Tracker_4.
png>] [72pdfTeX warning (ext4): destination with the same identifier (name{figu
re.4.17}) has been already used, duplicate ignored

\AtBegShi@Output ...ipout \box \AtBeginShipoutBox 
                                                  \fi \fi 
l.2530 
       pdfTeX warning (ext4): destination with the same identifier (name{figure
.4.18}) has been already used, duplicate ignored

\AtBegShi@Output ...ipout \box \AtBeginShipoutBox 
                                                  \fi \fi 
l.2530 
        <./figures//plots/flat/TimeClusterPar_Helix_lambda-vs-pgen.png> <./figu
res//plots/flat/Lambda_Lambda-vs-p.png>]
<figures//plots/flat/Lambda_Rot-vs-p.png, id=1492, 700.6175pt x 475.7775pt>
File: figures//plots/flat/Lambda_Rot-vs-p.png Graphic file (type png)
<use figures//plots/flat/Lambda_Rot-vs-p.png>
Package pdftex.def Info: figures//plots/flat/Lambda_Rot-vs-p.png  used on input
 line 2534.
(pdftex.def)             Requested size: 352.81552pt x 239.5942pt.

Underfull \hbox (badness 10000) in paragraph at lines 2540--2544

 []

[73pdfTeX warning (ext4): destination with the same identifier (name{figure.4.1
9}) has been already used, duplicate ignored

\AtBegShi@Output ...ipout \box \AtBeginShipoutBox 
                                                  \fi \fi 
l.2544 
       pdfTeX warning (ext4): destination with the same identifier (name{figure
.4.20}) has been already used, duplicate ignored

\AtBegShi@Output ...ipout \box \AtBeginShipoutBox 
                                                  \fi \fi 
l.2544 
        <./figures//plots/flat/TimeClusterPar_Helix_frac-vs-pgen.png> <./figure
s//plots/flat/Lambda_fraction.png> <./figures//plots/flat/Lambda_Rot-vs-p.png>]
<figures//plots/flat/Lambda_preco-vs-pgen.png, id=1500, 700.6175pt x 475.7775pt
>
File: figures//plots/flat/Lambda_preco-vs-pgen.png Graphic file (type png)
<use figures//plots/flat/Lambda_preco-vs-pgen.png>
Package pdftex.def Info: figures//plots/flat/Lambda_preco-vs-pgen.png  used on 
input line 2547.
(pdftex.def)             Requested size: 352.81552pt x 239.5942pt.

Underfull \hbox (badness 10000) in paragraph at lines 2552--2558

 []

<figures//plots/flat/Lambda_eff_trk0-5hits.png, id=1503, 700.6175pt x 475.7775p
t>
File: figures//plots/flat/Lambda_eff_trk0-5hits.png Graphic file (type png)
<use figures//plots/flat/Lambda_eff_trk0-5hits.png>
Package pdftex.def Info: figures//plots/flat/Lambda_eff_trk0-5hits.png  used on
 input line 2561.
(pdftex.def)             Requested size: 352.81552pt x 239.5942pt.

LaTeX Warning: `!h' float specifier changed to `!ht'.

[74pdfTeX warning (ext4): destination with the same identifier (name{figure.4.2
1}) has been already used, duplicate ignored

\AtBegShi@Output ...ipout \box \AtBeginShipoutBox 
                                                  \fi \fi 
l.2576 
        <./figures//plots/flat/Lambda_preco-vs-pgen.png>]
<figures//plots/flat/Lambda_chi2d_trk0.png, id=1517, 700.6175pt x 475.7775pt>
File: figures//plots/flat/Lambda_chi2d_trk0.png Graphic file (type png)
<use figures//plots/flat/Lambda_chi2d_trk0.png>
Package pdftex.def Info: figures//plots/flat/Lambda_chi2d_trk0.png  used on inp
ut line 2579.
(pdftex.def)             Requested size: 352.81552pt x 239.5942pt.
<figures//plots/flat/Lambda_nSH_trk0.png, id=1518, 700.6175pt x 475.7775pt>
File: figures//plots/flat/Lambda_nSH_trk0.png Graphic file (type png)
<use figures//plots/flat/Lambda_nSH_trk0.png>
Package pdftex.def Info: figures//plots/flat/Lambda_nSH_trk0.png  used on input
 line 2586.
(pdftex.def)             Requested size: 352.81552pt x 239.5942pt.
<figures//plots/flat/Lambda_eff_trk21-20hits.png, id=1519, 700.6175pt x 475.777
5pt>
File: figures//plots/flat/Lambda_eff_trk21-20hits.png Graphic file (type png)
<use figures//plots/flat/Lambda_eff_trk21-20hits.png>
Package pdftex.def Info: figures//plots/flat/Lambda_eff_trk21-20hits.png  used 
on input line 2593.
(pdftex.def)             Requested size: 352.81552pt x 239.5942pt.
<figures//plots/ejected/proton_preco-vs-pgen_trk0.png, id=1522, 700.6175pt x 47
5.7775pt>
File: figures//plots/ejected/proton_preco-vs-pgen_trk0.png Graphic file (type p
ng)
<use figures//plots/ejected/proton_preco-vs-pgen_trk0.png>
Package pdftex.def Info: figures//plots/ejected/proton_preco-vs-pgen_trk0.png  
used on input line 2606.
(pdftex.def)             Requested size: 352.81552pt x 239.5942pt.
 [75pdfTeX warning (ext4): destination with the same identifier (name{figure.4.
22}) has been already used, duplicate ignored

\AtBegShi@Output ...ipout \box \AtBeginShipoutBox 
                                                  \fi \fi 
l.2609 \end{figure}
                    <./figures//plots/flat/Lambda_eff_trk0-5hits.png>]
<figures//plots/ejected/proton_genp_5SH.png, id=1533, 700.6175pt x 475.7775pt>
File: figures//plots/ejected/proton_genp_5SH.png Graphic file (type png)
<use figures//plots/ejected/proton_genp_5SH.png>
Package pdftex.def Info: figures//plots/ejected/proton_genp_5SH.png  used on in
put line 2615.
(pdftex.def)             Requested size: 216.1011pt x 146.749pt.
<figures//plots/ejected/proton_preco_trk0.png, id=1534, 700.6175pt x 475.7775pt
>
File: figures//plots/ejected/proton_preco_trk0.png Graphic file (type png)
<use figures//plots/ejected/proton_preco_trk0.png>
Package pdftex.def Info: figures//plots/ejected/proton_preco_trk0.png  used on 
input line 2616.
(pdftex.def)             Requested size: 216.1011pt x 146.749pt.


LaTeX Warning: `!h' float specifier changed to `!ht'.

<figures//plots/ejected/proton_eff_trk0.png, id=1535, 700.6175pt x 475.7775pt>
File: figures//plots/ejected/proton_eff_trk0.png Graphic file (type png)
<use figures//plots/ejected/proton_eff_trk0.png>
Package pdftex.def Info: figures//plots/ejected/proton_eff_trk0.png  used on in
put line 2624.
(pdftex.def)             Requested size: 352.81552pt x 239.5942pt.
[76pdfTeX warning (ext4): destination with the same identifier (name{figure.4.2
3}) has been already used, duplicate ignored

\AtBegShi@Output ...ipout \box \AtBeginShipoutBox 
                                                  \fi \fi 
l.2633 
       pdfTeX warning (ext4): destination with the same identifier (name{figure
.4.24}) has been already used, duplicate ignored

\AtBegShi@Output ...ipout \box \AtBeginShipoutBox 
                                                  \fi \fi 
l.2633 
        <./figures//plots/flat/Lambda_chi2d_trk0.png> <./figures//plots/flat/La
mbda_nSH_trk0.png>] [77pdfTeX warning (ext4): destination with the same identif
ier (name{figure.4.25}) has been already used, duplicate ignored

\AtBegShi@Output ...ipout \box \AtBeginShipoutBox 
                                                  \fi \fi 
l.2640 
       pdfTeX warning (ext4): destination with the same identifier (name{figure
.4.26}) has been already used, duplicate ignored

\AtBegShi@Output ...ipout \box \AtBeginShipoutBox 
                                                  \fi \fi 
l.2640 
        <./figures//plots/flat/Lambda_eff_trk21-20hits.png> <./figures//plots/e
jected/proton_preco-vs-pgen_trk0.png>]
<figures/new_spectra_2/comparison.png, id=1552, 700.6175pt x 475.7775pt>
File: figures/new_spectra_2/comparison.png Graphic file (type png)
<use figures/new_spectra_2/comparison.png>
Package pdftex.def Info: figures/new_spectra_2/comparison.png  used on input li
ne 2643.
(pdftex.def)             Requested size: 352.81552pt x 239.5942pt.


LaTeX Warning: `!h' float specifier changed to `!ht'.

<figures//plots/ejected/deuteron_preco-vs-pgen_trk0.png, id=1561, 700.6175pt x 
475.7775pt>
File: figures//plots/ejected/deuteron_preco-vs-pgen_trk0.png Graphic file (type
 png)
<use figures//plots/ejected/deuteron_preco-vs-pgen_trk0.png>
Package pdftex.def Info: figures//plots/ejected/deuteron_preco-vs-pgen_trk0.png
  used on input line 2652.
(pdftex.def)             Requested size: 352.81552pt x 239.5942pt.

Underfull \hbox (badness 10000) in paragraph at lines 2658--2667

 []

[78pdfTeX warning (ext4): destination with the same identifier (name{figure.4.2
7}) has been already used, duplicate ignored

\AtBegShi@Output ...ipout \box \AtBeginShipoutBox 
                                                  \fi \fi 
l.2667 
       pdfTeX warning (ext4): destination with the same identifier (name{figure
.4.28}) has been already used, duplicate ignored

\AtBegShi@Output ...ipout \box \AtBeginShipoutBox 
                                                  \fi \fi 
l.2667 
        <./figures//plots/ejected/proton_genp_5SH.png> <./figures//plots/ejecte
d/proton_preco_trk0.png> <./figures//plots/ejected/proton_eff_trk0.png>]
[79pdfTeX warning (ext4): destination with the same identifier (name{figure.4.2
9}) has been already used, duplicate ignored

\AtBegShi@Output ...ipout \box \AtBeginShipoutBox 
                                                  \fi \fi 
l.2667 
       pdfTeX warning (ext4): destination with the same identifier (name{figure
.4.30}) has been already used, duplicate ignored

\AtBegShi@Output ...ipout \box \AtBeginShipoutBox 
                                                  \fi \fi 
l.2667 
        <./figures/new_spectra_2/comparison.png> <./figures//plots/ejected/deut
eron_preco-vs-pgen_trk0.png>]
<figures//plots/ejected/proton_eff_comparison.png, id=1575, 700.6175pt x 475.77
75pt>
File: figures//plots/ejected/proton_eff_comparison.png Graphic file (type png)
<use figures//plots/ejected/proton_eff_comparison.png>
Package pdftex.def Info: figures//plots/ejected/proton_eff_comparison.png  used
 on input line 2690.
(pdftex.def)             Requested size: 352.81552pt x 239.5942pt.
<figures//plots/ejected/deuterons_eff_comparison.png, id=1578, 700.6175pt x 475
.7775pt>
File: figures//plots/ejected/deuterons_eff_comparison.png Graphic file (type pn
g)
<use figures//plots/ejected/deuterons_eff_comparison.png>
Package pdftex.def Info: figures//plots/ejected/deuterons_eff_comparison.png  u
sed on input line 2697.
(pdftex.def)             Requested size: 352.81552pt x 239.5942pt.
 [80pdfTeX warning (ext4): destination with the same identifier (name{table.4.2
}) has been already used, duplicate ignored

\AtBegShi@Output ...ipout \box \AtBeginShipoutBox 
                                                  \fi \fi 
l.2702 \chapter
               {Mix-background events}] [81pdfTeX warning (ext4): destination w
ith the same identifier (name{figure.4.31}) has been already used, duplicate ig
nored

\AtBegShi@Output ...ipout \box \AtBeginShipoutBox 
                                                  \fi \fi 
l.2702 \chapter
               {Mix-background events}pdfTeX warning (ext4): destination with t
he same identifier (name{figure.4.32}) has been already used, duplicate ignored


\AtBegShi@Output ...ipout \box \AtBeginShipoutBox 
                                                  \fi \fi 
l.2702 \chapter
               {Mix-background events} <./figures//plots/ejected/proton_eff_com
parison.png> <./figures//plots/ejected/deuterons_eff_comparison.png>]
Chapter 5.

Underfull \hbox (badness 10000) in paragraph at lines 2707--2715

 []

[82

]
<figures//plots/mix/mix500_qsh.png, id=1599, 700.6175pt x 475.7775pt>
File: figures//plots/mix/mix500_qsh.png Graphic file (type png)
<use figures//plots/mix/mix500_qsh.png>
Package pdftex.def Info: figures//plots/mix/mix500_qsh.png  used on input line 
2728.
(pdftex.def)             Requested size: 352.81552pt x 239.5942pt.


LaTeX Warning: Reference `' on page 83 undefined on input line 2734.


LaTeX Warning: Reference `' on page 83 undefined on input line 2738.


LaTeX Warning: Reference `' on page 83 undefined on input line 2738.


LaTeX Warning: Reference `' on page 83 undefined on input line 2738.

[83pdfTeX warning (ext4): destination with the same identifier (name{figure.5.1
}) has been already used, duplicate ignored

\AtBegShi@Output ...ipout \box \AtBeginShipoutBox 
                                                  \fi \fi 
l.2746 \section
               {Educated guess on MDC2020} <./figures//plots/mix/mix500_qsh.png
>] (bvitali_draft.bbl [84pdfTeX warning (ext4): destination with the same ident
ifier (name{table.5.1}) has been already used, duplicate ignored

\AtBegShi@Output ...ipout \box \AtBeginShipoutBox 
                                                  \fi \fi 
l.1 \begin{thebibliography}{100}
                                ] [85

] [86] [87]
Underfull \hbox (badness 2772) in paragraph at lines 396--399
[]\OT1/cmr/m/it/12 Fermilab\OT1/cmr/m/n/12 .  [][]$\OT1/cmtt/m/n/12 https : / /
 www . fnal . gov / pub / science / particle-[]accelerators /
 []

[88] [89] [90])
Package atveryend Info: Empty hook `BeforeClearDocument' on input line 2900.
 [91]
Package atveryend Info: Empty hook `AfterLastShipout' on input line 2900.
 (bvitali_draft.aux)
Package atveryend Info: Executing hook `AtVeryEndDocument' on input line 2900.
Package atveryend Info: Executing hook `AtEndAfterFileList' on input line 2900.

Package rerunfilecheck Info: File `bvitali_draft.out' has not changed.
(rerunfilecheck)             Checksum: 0B2C6043F3F1AFC9EBC4AC820D6C090D;4738.


LaTeX Warning: There were undefined references.


LaTeX Warning: There were multiply-defined labels.

Package atveryend Info: Empty hook `AtVeryVeryEnd' on input line 2900.
 ) 
Here is how much of TeX's memory you used:
 11621 strings out of 481212
 177982 string characters out of 2915730
 631594 words of memory out of 3000000
 26518 multiletter control sequences out of 15000+200000
 553501 words of font info for 95 fonts, out of 3000000 for 9000
 1141 hyphenation exceptions out of 8191
 43i,17n,60p,643b,464s stack positions out of 5000i,500n,10000p,200000b,50000s
 <C:\Users\ASUS\AppData\Local\MiKTeX\fonts/pk/ljfour/jknappen/ec/dpi600\tcrm0
800.pk> <C:\Users\ASUS\AppData\Local\MiKTeX\fonts/pk/ljfour/jknappen/ec/dpi600\
tcrm1200.pk><C:/Program Files/MiKTeX/fonts/type1/public/amsfonts/cm/cmbx12.pfb>
<C:/Program Files/MiKTeX/fonts/type1/public/amsfonts/cm/cmbx9.pfb><C:/Program F
iles/MiKTeX/fonts/type1/public/amsfonts/cm/cmbxti10.pfb><C:/Program Files/MiKTe
X/fonts/type1/public/amsfonts/cm/cmex10.pfb><C:/Program Files/MiKTeX/fonts/type
1/public/amsfonts/cm/cmmi10.pfb><C:/Program Files/MiKTeX/fonts/type1/public/ams
fonts/cm/cmmi12.pfb><C:/Program Files/MiKTeX/fonts/type1/public/amsfonts/cm/cmm
i6.pfb><C:/Program Files/MiKTeX/fonts/type1/public/amsfonts/cm/cmmi8.pfb><C:/Pr
ogram Files/MiKTeX/fonts/type1/public/amsfonts/cm/cmr10.pfb><C:/Program Files/M
iKTeX/fonts/type1/public/amsfonts/cm/cmr12.pfb><C:/Program Files/MiKTeX/fonts/t
ype1/public/amsfonts/cm/cmr17.pfb><C:/Program Files/MiKTeX/fonts/type1/public/a
msfonts/cm/cmr6.pfb><C:/Program Files/MiKTeX/fonts/type1/public/amsfonts/cm/cmr
7.pfb><C:/Program Files/MiKTeX/fonts/type1/public/amsfonts/cm/cmr8.pfb><C:/Prog
ram Files/MiKTeX/fonts/type1/public/amsfonts/cm/cmsl12.pfb><C:/Program Files/Mi
KTeX/fonts/type1/public/amsfonts/cm/cmsy10.pfb><C:/Program Files/MiKTeX/fonts/t
ype1/public/amsfonts/cm/cmsy6.pfb><C:/Program Files/MiKTeX/fonts/type1/public/a
msfonts/cm/cmsy8.pfb><C:/Program Files/MiKTeX/fonts/type1/public/amsfonts/cm/cm
ti12.pfb><C:/Program Files/MiKTeX/fonts/type1/public/amsfonts/cm/cmtt12.pfb><C:
/Program Files/MiKTeX/fonts/type1/public/amsfonts/symbols/msam10.pfb>
Output written on bvitali_draft.pdf (96 pages, 20072886 bytes).
PDF statistics:
 1850 PDF objects out of 2073 (max. 8388607)
 414 named destinations out of 1000 (max. 500000)
 1053 words of extra memory for PDF output out of 10000 (max. 10000000)

